TN:
SF:E:\coreipc\clients\nodejs\src\core\internals\broker-message.ts
FN:5,(anonymous_0)
FN:14,(anonymous_1)
FN:24,(anonymous_2)
FN:33,(anonymous_3)
FNF:4
FNH:4
FNDA:47,(anonymous_0)
FNDA:21,(anonymous_1)
FNDA:26,(anonymous_2)
FNDA:85,(anonymous_3)
DA:2,1
DA:4,1
DA:6,47
DA:7,47
DA:9,47
DA:13,1
DA:17,21
DA:19,21
DA:23,1
DA:28,26
DA:32,1
DA:34,85
DA:35,85
DA:37,85
LF:14
LH:14
BRF:0
BRH:0
end_of_record
TN:
SF:E:\coreipc\clients\nodejs\src\core\internals\broker.ts
FN:57,(anonymous_8)
FN:65,(anonymous_9)
FN:85,(anonymous_11)
FN:94,(anonymous_13)
FN:103,(anonymous_14)
FN:124,(anonymous_16)
FN:135,(anonymous_17)
FN:135,(anonymous_18)
FN:168,(anonymous_19)
FN:175,(anonymous_20)
FN:202,(anonymous_22)
FN:212,(anonymous_24)
FN:246,(anonymous_26)
FNF:13
FNH:13
FNDA:26,(anonymous_8)
FNDA:16,(anonymous_9)
FNDA:25,(anonymous_11)
FNDA:13,(anonymous_13)
FNDA:14,(anonymous_14)
FNDA:21,(anonymous_16)
FNDA:5,(anonymous_17)
FNDA:5,(anonymous_18)
FNDA:4,(anonymous_19)
FNDA:4,(anonymous_20)
FNDA:14,(anonymous_22)
FNDA:13,(anonymous_24)
FNDA:11,(anonymous_26)
DA:1,1
DA:2,1
DA:6,1
DA:7,1
DA:8,1
DA:10,1
DA:11,1
DA:14,1
DA:18,1
DA:19,1
DA:20,1
DA:43,1
DA:44,26
DA:45,26
DA:46,26
DA:48,26
DA:49,26
DA:51,26
DA:52,26
DA:53,26
DA:55,1
DA:57,26
DA:58,26
DA:59,25
DA:60,24
DA:61,23
DA:62,22
DA:66,16
DA:67,14
DA:69,14
DA:70,14
DA:72,14
DA:73,14
DA:74,13
DA:76,3
DA:77,3
DA:80,11
DA:83,1
DA:86,25
DA:87,14
DA:88,13
DA:89,13
DA:90,13
DA:92,24
DA:95,13
DA:104,14
DA:106,14
DA:108,14
DA:109,14
DA:110,3
DA:111,3
DA:112,3
DA:114,3
DA:117,14
DA:119,13
DA:121,13
DA:125,21
DA:126,21
DA:127,0
DA:128,0
DA:131,21
DA:132,5
DA:133,5
DA:135,5
DA:136,5
DA:137,5
DA:138,5
DA:140,3
DA:145,5
DA:146,4
DA:147,4
DA:149,4
DA:150,4
DA:152,1
DA:159,16
DA:160,16
DA:161,16
DA:169,4
DA:171,4
DA:172,4
DA:176,4
DA:177,4
DA:179,3
DA:180,3
DA:181,3
DA:182,3
DA:183,3
DA:186,1
DA:189,3
DA:193,3
DA:195,1
DA:203,14
DA:204,14
DA:205,0
DA:206,0
DA:208,14
DA:213,13
DA:214,13
DA:215,13
DA:216,13
DA:218,11
DA:219,11
DA:220,11
DA:222,0
DA:223,0
DA:224,0
DA:227,11
DA:228,11
DA:229,0
DA:230,0
DA:231,0
DA:234,0
DA:235,0
DA:237,11
DA:238,11
DA:240,0
DA:241,0
DA:247,11
DA:248,8
DA:250,8
DA:252,8
DA:253,8
DA:254,3
DA:257,8
DA:259,8
LF:125
LH:111
BRDA:58,0,0,1
BRDA:58,0,1,25
BRDA:59,1,0,1
BRDA:59,1,1,24
BRDA:60,2,0,1
BRDA:60,2,1,23
BRDA:61,3,0,1
BRDA:61,3,1,22
BRDA:62,4,0,1
BRDA:62,4,1,21
BRDA:66,5,0,2
BRDA:66,5,1,14
BRDA:67,6,0,0
BRDA:67,6,1,14
BRDA:86,7,0,14
BRDA:86,7,1,11
BRDA:109,8,0,3
BRDA:109,8,1,11
BRDA:109,9,0,14
BRDA:109,9,1,3
BRDA:117,10,0,14
BRDA:117,10,1,13
BRDA:126,11,0,0
BRDA:126,11,1,21
BRDA:131,12,0,5
BRDA:131,12,1,16
BRDA:145,13,0,4
BRDA:145,13,1,1
BRDA:159,14,0,16
BRDA:171,15,0,4
BRDA:177,16,0,3
BRDA:177,16,1,1
BRDA:182,17,0,3
BRDA:182,17,1,0
BRDA:190,18,0,2
BRDA:190,18,1,1
BRDA:203,19,0,14
BRDA:203,19,1,0
BRDA:203,20,0,14
BRDA:203,20,1,0
BRDA:204,21,0,0
BRDA:204,21,1,14
BRDA:228,22,0,0
BRDA:228,22,1,11
BRDA:228,23,0,11
BRDA:228,23,1,0
BRDA:247,24,0,8
BRDA:247,24,1,3
BRDA:253,25,0,3
BRDA:253,25,1,5
BRF:50
BRH:42
end_of_record
TN:
SF:E:\coreipc\clients\nodejs\src\core\internals\context.ts
FN:30,(anonymous_8)
FN:37,(anonymous_9)
FN:25,(anonymous_10)
FN:26,(anonymous_11)
FN:28,(anonymous_12)
FN:42,(anonymous_13)
FN:49,(anonymous_14)
FN:54,(anonymous_15)
FN:61,(anonymous_16)
FN:76,(anonymous_18)
FN:81,(anonymous_19)
FN:90,(anonymous_20)
FN:98,(anonymous_21)
FN:108,(anonymous_22)
FN:112,isString
FNF:15
FNH:15
FNDA:33,(anonymous_8)
FNDA:5,(anonymous_9)
FNDA:27,(anonymous_10)
FNDA:32,(anonymous_11)
FNDA:21,(anonymous_12)
FNDA:27,(anonymous_13)
FNDA:17,(anonymous_14)
FNDA:13,(anonymous_15)
FNDA:9,(anonymous_16)
FNDA:36,(anonymous_18)
FNDA:21,(anonymous_19)
FNDA:24,(anonymous_20)
FNDA:24,(anonymous_21)
FNDA:13,(anonymous_22)
FNDA:6,isString
DA:3,1
DA:5,1
DA:6,1
DA:8,1
DA:11,1
DA:21,1
DA:22,33
DA:25,27
DA:26,32
DA:28,21
DA:31,33
DA:33,33
DA:34,31
DA:35,29
DA:37,27
DA:38,5
DA:43,27
DA:45,25
DA:46,25
DA:49,17
DA:53,1
DA:55,13
DA:56,13
DA:58,13
DA:59,11
DA:62,9
DA:63,7
DA:76,1
DA:77,36
DA:78,36
DA:79,36
DA:82,21
DA:83,19
DA:85,18
DA:87,18
DA:88,18
DA:91,24
DA:92,21
DA:93,19
DA:95,18
DA:99,24
DA:100,24
DA:102,24
DA:103,17
DA:104,17
DA:109,13
DA:110,12
DA:113,6
DA:116,12
DA:120,12
DA:121,6
LF:51
LH:51
BRDA:33,0,0,2
BRDA:33,0,1,31
BRDA:34,1,0,2
BRDA:34,1,1,29
BRDA:35,2,0,2
BRDA:35,2,1,27
BRDA:43,3,0,2
BRDA:43,3,1,25
BRDA:58,4,0,2
BRDA:58,4,1,11
BRDA:59,5,0,2
BRDA:59,5,1,9
BRDA:62,6,0,2
BRDA:62,6,1,7
BRDA:82,7,0,2
BRDA:82,7,1,19
BRDA:83,8,0,1
BRDA:83,8,1,18
BRDA:91,9,0,3
BRDA:91,9,1,21
BRDA:92,10,0,2
BRDA:92,10,1,19
BRDA:93,11,0,1
BRDA:93,11,1,18
BRDA:102,12,0,17
BRDA:102,12,1,7
BRDA:109,13,0,12
BRDA:109,13,1,1
BRF:28
BRH:28
end_of_record
TN:
SF:E:\coreipc\clients\nodejs\src\core\internals\message-event.ts
FN:6,(anonymous_0)
FNF:1
FNH:1
FNDA:22,(anonymous_0)
DA:5,1
DA:7,22
DA:8,22
LF:3
LH:3
BRF:0
BRH:0
end_of_record
TN:
SF:E:\coreipc\clients\nodejs\src\core\internals\message-stream.ts
FN:35,(anonymous_7)
FN:32,(anonymous_8)
FN:33,(anonymous_9)
FN:43,(anonymous_10)
FN:50,(anonymous_11)
FN:63,(anonymous_13)
FN:76,(anonymous_15)
FNF:7
FNH:7
FNDA:23,(anonymous_7)
FNDA:16,(anonymous_8)
FNDA:1,(anonymous_9)
FNDA:17,(anonymous_10)
FNDA:8,(anonymous_11)
FNDA:21,(anonymous_13)
FNDA:43,(anonymous_15)
DA:1,1
DA:4,1
DA:6,1
DA:9,1
DA:10,1
DA:11,1
DA:22,1
DA:23,1
DA:25,23
DA:26,23
DA:28,23
DA:30,23
DA:32,16
DA:33,1
DA:35,23
DA:36,23
DA:38,21
DA:40,21
DA:44,17
DA:51,8
DA:53,8
DA:54,8
DA:55,8
DA:57,8
DA:58,8
DA:64,21
DA:65,21
DA:66,43
DA:67,43
DA:69,22
DA:72,11
DA:77,43
DA:78,25
DA:79,25
DA:81,25
DA:82,25
DA:84,25
DA:85,25
DA:86,22
LF:39
LH:39
BRDA:36,0,0,2
BRDA:36,0,1,21
BRF:2
BRH:2
end_of_record
TN:
SF:E:\coreipc\clients\nodejs\src\core\internals\proxy-factory.ts
FN:45,(anonymous_8)
FN:34,(anonymous_9)
FN:50,(anonymous_10)
FN:58,(anonymous_11)
FN:68,(anonymous_12)
FN:97,(anonymous_14)
FN:100,(anonymous_15)
FN:108,(anonymous_16)
FN:109,(anonymous_17)
FN:118,(anonymous_18)
FN:122,(anonymous_19)
FN:133,(anonymous_20)
FN:141,(anonymous_21)
FN:143,(anonymous_22)
FN:153,(anonymous_23)
FN:160,(anonymous_24)
FNF:16
FNH:16
FNDA:21,(anonymous_8)
FNDA:22,(anonymous_9)
FNDA:21,(anonymous_10)
FNDA:67,(anonymous_11)
FNDA:12,(anonymous_12)
FNDA:21,(anonymous_14)
FNDA:107,(anonymous_15)
FNDA:21,(anonymous_16)
FNDA:28,(anonymous_17)
FNDA:67,(anonymous_18)
FNDA:3,(anonymous_19)
FNDA:9,(anonymous_20)
FNDA:67,(anonymous_21)
FNDA:2,(anonymous_22)
FNDA:7,(anonymous_23)
FNDA:18,(anonymous_24)
DA:4,1
DA:6,1
DA:7,1
DA:8,1
DA:9,1
DA:11,1
DA:12,1
DA:13,1
DA:15,1
DA:18,1
DA:33,1
DA:35,22
DA:37,21
DA:38,21
DA:39,21
DA:45,21
DA:46,21
DA:47,21
DA:51,21
DA:52,21
DA:53,67
DA:54,67
DA:59,67
DA:60,67
DA:62,67
DA:63,67
DA:64,67
DA:66,67
DA:68,67
DA:69,12
DA:70,12
DA:72,12
DA:74,12
DA:75,12
DA:76,12
DA:77,10
DA:79,10
DA:80,1
DA:82,9
DA:85,3
DA:87,3
DA:88,2
DA:89,2
DA:91,1
DA:98,21
DA:101,107
DA:102,107
DA:104,1
DA:109,21
DA:110,28
DA:112,21
DA:113,21
DA:119,67
DA:123,3
DA:124,1
DA:127,3
DA:128,2
DA:130,1
DA:134,9
DA:135,1
DA:138,9
DA:142,67
DA:143,2
DA:144,2
DA:145,1
DA:147,2
DA:150,65
DA:154,7
DA:159,1
DA:164,18
DA:165,17
DA:167,16
DA:169,16
DA:170,16
DA:171,16
DA:172,186
DA:173,11
DA:174,11
DA:177,16
DA:181,16
DA:182,16
LF:81
LH:81
BRDA:35,0,0,1
BRDA:35,0,1,21
BRDA:60,1,0,55
BRDA:60,1,1,12
BRDA:63,2,0,55
BRDA:63,2,1,12
BRDA:79,3,0,1
BRDA:79,3,1,9
BRDA:87,4,0,2
BRDA:87,4,1,1
BRDA:87,5,0,3
BRDA:87,5,1,2
BRDA:87,5,2,1
BRDA:102,6,0,107
BRDA:102,6,1,99
BRDA:102,6,2,88
BRDA:119,7,0,3
BRDA:119,7,1,64
BRDA:123,8,0,1
BRDA:123,8,1,2
BRDA:123,9,0,3
BRDA:123,9,1,3
BRDA:127,10,0,2
BRDA:127,10,1,1
BRDA:127,11,0,3
BRDA:127,11,1,3
BRDA:134,12,0,1
BRDA:134,12,1,8
BRDA:134,13,0,9
BRDA:134,13,1,7
BRDA:142,14,0,2
BRDA:142,14,1,65
BRDA:144,15,0,1
BRDA:144,15,1,1
BRDA:164,16,0,1
BRDA:164,16,1,17
BRDA:165,17,0,1
BRDA:165,17,1,16
BRDA:172,18,0,11
BRDA:172,18,1,175
BRDA:178,19,0,5
BRDA:178,19,1,11
BRF:42
BRH:42
end_of_record
TN:
SF:E:\coreipc\clients\nodejs\src\core\internals\serialization-pal.ts
FN:12,(anonymous_1)
FN:19,(anonymous_2)
FN:22,(anonymous_3)
FN:33,(anonymous_4)
FN:56,(anonymous_5)
FN:86,(anonymous_6)
FN:102,(anonymous_7)
FN:108,(anonymous_8)
FN:117,(anonymous_9)
FN:122,(anonymous_10)
FN:134,(anonymous_11)
FN:142,(anonymous_12)
FN:168,(anonymous_13)
FN:177,(anonymous_14)
FN:180,(anonymous_15)
FN:184,(anonymous_16)
FN:185,(anonymous_17)
FN:187,(anonymous_18)
FN:198,(anonymous_19)
FN:203,(anonymous_20)
FN:214,(anonymous_21)
FNF:21
FNH:21
FNDA:33,(anonymous_1)
FNDA:38,(anonymous_2)
FNDA:43,(anonymous_3)
FNDA:51,(anonymous_4)
FNDA:47,(anonymous_5)
FNDA:17,(anonymous_6)
FNDA:31,(anonymous_7)
FNDA:31,(anonymous_8)
FNDA:26,(anonymous_9)
FNDA:31,(anonymous_10)
FNDA:14,(anonymous_11)
FNDA:14,(anonymous_12)
FNDA:14,(anonymous_13)
FNDA:14,(anonymous_14)
FNDA:14,(anonymous_15)
FNDA:17,(anonymous_16)
FNDA:5,(anonymous_17)
FNDA:17,(anonymous_18)
FNDA:5,(anonymous_19)
FNDA:17,(anonymous_20)
FNDA:38,(anonymous_21)
DA:1,1
DA:2,1
DA:3,1
DA:4,1
DA:5,1
DA:6,1
DA:7,1
DA:11,1
DA:13,33
DA:14,0
DA:16,33
DA:20,38
DA:23,43
DA:36,51
DA:37,13
DA:38,38
DA:39,23
DA:41,15
DA:42,15
DA:43,15
DA:44,15
DA:45,15
DA:46,2
DA:50,51
DA:57,47
DA:58,41
DA:60,39
DA:62,1
DA:65,17
DA:66,17
DA:67,17
DA:71,21
DA:72,21
DA:74,21
DA:75,21
DA:76,11
DA:78,11
DA:81,21
DA:90,17
DA:91,16
DA:93,16
DA:94,16
DA:99,16
DA:103,31
DA:104,31
DA:106,31
DA:109,31
DA:114,31
DA:118,26
DA:120,26
DA:123,31
DA:124,31
DA:125,31
DA:127,31
DA:128,31
DA:129,31
DA:131,31
DA:135,14
DA:136,14
DA:137,14
DA:139,14
DA:143,14
DA:144,14
DA:145,14
DA:147,14
DA:148,12
DA:149,12
DA:150,0
DA:151,0
DA:153,12
DA:154,0
DA:155,0
DA:158,12
DA:159,12
DA:162,14
DA:163,14
DA:166,14
DA:168,14
DA:175,14
DA:177,14
DA:180,14
DA:184,17
DA:185,5
DA:188,17
DA:189,0
DA:190,0
DA:191,0
DA:193,12
DA:194,5
DA:199,5
DA:201,5
DA:204,17
DA:205,17
DA:206,17
DA:207,17
DA:208,17
DA:209,17
DA:211,17
DA:218,38
DA:220,36
DA:222,36
DA:223,36
DA:225,36
DA:226,36
LF:104
LH:96
BRDA:13,0,0,0
BRDA:13,0,1,33
BRDA:24,1,0,10
BRDA:24,1,1,33
BRDA:26,2,0,21
BRDA:26,2,1,12
BRDA:29,3,0,12
BRDA:29,3,1,1
BRDA:36,4,0,13
BRDA:36,4,1,38
BRDA:38,5,0,23
BRDA:38,5,1,15
BRDA:45,6,0,2
BRDA:45,6,1,13
BRDA:57,7,0,6
BRDA:57,7,1,41
BRDA:58,8,0,2
BRDA:58,8,1,39
BRDA:61,9,0,1
BRDA:61,9,1,17
BRDA:61,9,2,21
BRDA:90,10,0,1
BRDA:90,10,1,16
BRDA:103,11,0,0
BRDA:103,11,1,31
BRDA:104,12,0,0
BRDA:104,12,1,31
BRDA:111,13,0,10
BRDA:111,13,1,21
BRDA:118,14,0,0
BRDA:118,14,1,26
BRDA:135,15,0,0
BRDA:135,15,1,14
BRDA:136,16,0,0
BRDA:136,16,1,14
BRDA:137,17,0,0
BRDA:137,17,1,14
BRDA:149,18,0,0
BRDA:149,18,1,12
BRDA:150,19,0,0
BRDA:150,19,1,0
BRDA:153,20,0,0
BRDA:153,20,1,12
BRDA:189,21,0,0
BRDA:189,21,1,0
BRDA:189,21,2,0
BRDA:189,21,3,12
BRDA:189,21,4,5
BRDA:199,22,0,0
BRDA:199,22,1,5
BRDA:218,23,0,2
BRDA:218,23,1,36
BRDA:223,24,0,23
BRDA:223,24,1,13
BRF:54
BRH:39
end_of_record
TN:
SF:E:\coreipc\clients\nodejs\src\core\surface\ipc-client.ts
FN:15,(anonymous_7)
FN:30,(anonymous_8)
FN:34,(anonymous_10)
FN:64,(anonymous_11)
FN:74,(anonymous_12)
FN:80,(anonymous_13)
FN:92,(anonymous_14)
FN:93,(anonymous_15)
FNF:8
FNH:8
FNDA:12,(anonymous_7)
FNDA:2,(anonymous_8)
FNDA:6,(anonymous_10)
FNDA:14,(anonymous_11)
FNDA:4,(anonymous_12)
FNDA:4,(anonymous_13)
FNDA:7,(anonymous_14)
FNDA:7,(anonymous_15)
DA:1,1
DA:2,1
DA:3,1
DA:5,1
DA:6,1
DA:11,1
DA:16,12
DA:20,12
DA:21,9
DA:23,7
DA:24,7
DA:26,7
DA:27,7
DA:31,2
DA:35,6
DA:64,1
DA:66,14
DA:69,14
DA:71,14
DA:72,14
DA:75,4
DA:77,2
DA:78,2
DA:81,4
DA:83,2
DA:84,2
DA:90,14
DA:92,7
DA:93,7
LF:29
LH:29
BRDA:20,0,0,3
BRDA:20,0,1,9
BRDA:21,1,0,2
BRDA:21,1,1,7
BRDA:24,2,0,2
BRDA:24,2,1,5
BRDA:26,3,0,7
BRDA:26,3,1,6
BRDA:75,4,0,2
BRDA:75,4,1,2
BRDA:81,5,0,2
BRDA:81,5,1,2
BRF:12
BRH:12
end_of_record
TN:
SF:E:\coreipc\clients\nodejs\src\core\surface\message.ts
FN:13,(anonymous_0)
FNF:1
FNH:1
FNDA:24,(anonymous_0)
DA:1,1
DA:2,1
DA:5,1
DA:14,24
DA:15,2
DA:16,2
DA:17,22
DA:18,3
DA:19,3
DA:20,1
DA:22,2
DA:25,19
DA:26,19
DA:28,19
DA:29,15
DA:30,5
DA:32,10
DA:34,4
LF:18
LH:18
BRDA:14,0,0,2
BRDA:14,0,1,22
BRDA:14,1,0,24
BRDA:14,1,1,5
BRDA:17,2,0,3
BRDA:17,2,1,19
BRDA:17,3,0,22
BRDA:17,3,1,3
BRDA:19,4,0,1
BRDA:19,4,1,2
BRDA:25,5,0,19
BRDA:28,6,0,15
BRDA:28,6,1,4
BRDA:29,7,0,5
BRDA:29,7,1,10
BRF:15
BRH:15
end_of_record
TN:
SF:E:\coreipc\clients\nodejs\src\core\surface\rtti.ts
FN:14,__hasCancellationToken__
FN:18,__returns__
FN:19,(anonymous_2)
FN:26,(anonymous_3)
FN:33,(anonymous_4)
FN:28,(anonymous_5)
FN:37,(anonymous_6)
FN:38,(anonymous_7)
FN:48,(anonymous_8)
FN:45,(anonymous_9)
FN:46,(anonymous_10)
FNF:11
FNH:11
FNDA:3,__hasCancellationToken__
FNDA:2,__returns__
FNDA:2,(anonymous_2)
FNDA:1,(anonymous_3)
FNDA:1,(anonymous_4)
FNDA:72,(anonymous_5)
FNDA:67,(anonymous_6)
FNDA:5,(anonymous_7)
FNDA:2,(anonymous_8)
FNDA:5,(anonymous_9)
FNDA:5,(anonymous_10)
DA:9,1
DA:10,1
DA:11,1
DA:12,1
DA:14,1
DA:15,3
DA:16,3
DA:18,1
DA:19,2
DA:20,2
DA:21,2
DA:26,1
DA:27,1
DA:29,72
DA:30,72
DA:32,1
DA:34,1
DA:35,1
DA:37,67
DA:38,5
DA:41,1
DA:42,2
DA:45,5
DA:46,5
DA:49,2
DA:50,2
LF:26
LH:26
BRDA:30,0,0,72
BRDA:30,0,1,1
BRDA:37,1,0,67
BRDA:37,1,1,12
BRDA:38,2,0,5
BRDA:38,2,1,2
BRDA:46,3,0,5
BRDA:46,3,1,3
BRDA:26,4,0,1
BRDA:26,4,1,1
BRF:10
BRH:10
end_of_record
TN:
SF:E:\coreipc\clients\nodejs\src\foundation\errors\pipe\pipe-error.ts
FNF:0
FNH:0
LF:0
LH:0
BRF:0
BRH:0
end_of_record
TN:
SF:E:\coreipc\clients\nodejs\src\foundation\pipes\logical-socket.ts
FN:36,(anonymous_7)
FN:34,(anonymous_8)
FN:47,(anonymous_9)
FN:50,(anonymous_10)
FN:54,(anonymous_11)
FN:66,(anonymous_13)
FN:67,(anonymous_14)
FN:68,(anonymous_15)
FN:71,(anonymous_16)
FN:90,(anonymous_17)
FN:101,(anonymous_19)
FN:104,(anonymous_20)
FN:117,(anonymous_21)
FNF:13
FNH:13
FNDA:71,(anonymous_7)
FNDA:36,(anonymous_8)
FNDA:11,(anonymous_9)
FNDA:6,(anonymous_10)
FNDA:47,(anonymous_11)
FNDA:38,(anonymous_13)
FNDA:3,(anonymous_14)
FNDA:5,(anonymous_15)
FNDA:6,(anonymous_16)
FNDA:11,(anonymous_17)
FNDA:1,(anonymous_19)
FNDA:4,(anonymous_20)
FNDA:22,(anonymous_21)
DA:4,1
DA:6,1
DA:7,1
DA:8,1
DA:9,1
DA:10,1
DA:11,1
DA:12,1
DA:25,1
DA:26,71
DA:27,71
DA:28,71
DA:33,71
DA:34,36
DA:36,71
DA:37,71
DA:39,69
DA:40,69
DA:42,69
DA:48,11
DA:51,6
DA:55,47
DA:56,45
DA:58,43
DA:59,1
DA:61,42
DA:62,1
DA:64,41
DA:65,41
DA:66,41
DA:67,41
DA:68,41
DA:69,5
DA:71,41
DA:72,6
DA:74,41
DA:75,41
DA:76,41
DA:77,30
DA:79,11
DA:80,1
DA:82,11
DA:83,11
DA:86,41
DA:87,41
DA:91,11
DA:92,9
DA:94,7
DA:95,1
DA:97,6
DA:98,1
DA:100,5
DA:101,5
DA:102,1
DA:104,5
DA:105,4
DA:106,3
DA:108,1
DA:111,5
DA:112,5
DA:114,4
DA:118,22
DA:119,20
DA:120,20
DA:121,20
DA:122,4
DA:123,4
DA:124,4
LF:68
LH:68
BRDA:37,0,0,2
BRDA:37,0,1,69
BRDA:55,1,0,2
BRDA:55,1,1,45
BRDA:56,2,0,2
BRDA:56,2,1,43
BRDA:58,3,0,1
BRDA:58,3,1,42
BRDA:61,4,0,1
BRDA:61,4,1,41
BRDA:79,5,0,1
BRDA:79,5,1,10
BRDA:79,6,0,11
BRDA:79,6,1,10
BRDA:91,7,0,2
BRDA:91,7,1,9
BRDA:92,8,0,2
BRDA:92,8,1,7
BRDA:94,9,0,1
BRDA:94,9,1,6
BRDA:97,10,0,1
BRDA:97,10,1,5
BRDA:105,11,0,3
BRDA:105,11,1,1
BRDA:118,12,0,20
BRDA:118,12,1,2
BRDA:121,13,0,4
BRDA:121,13,1,16
BRF:28
BRH:28
end_of_record
TN:
SF:E:\coreipc\clients\nodejs\src\foundation\pipes\physical-socket.ts
FN:5,(anonymous_1)
FNF:1
FNH:1
FNDA:1,(anonymous_1)
DA:1,1
DA:2,1
DA:4,1
DA:5,1
LF:4
LH:4
BRF:0
BRH:0
end_of_record
TN:
SF:E:\coreipc\clients\nodejs\src\foundation\pipes\pipe-client-stream.ts
FN:53,(anonymous_7)
FN:20,(anonymous_8)
FN:32,(anonymous_10)
FN:49,(anonymous_12)
FN:60,(anonymous_13)
FN:72,(anonymous_15)
FN:80,(anonymous_17)
FN:96,(anonymous_19)
FN:104,(anonymous_20)
FNF:9
FNH:9
FNDA:31,(anonymous_7)
FNDA:35,(anonymous_8)
FNDA:32,(anonymous_10)
FNDA:84,(anonymous_12)
FNDA:22,(anonymous_13)
FNDA:59,(anonymous_15)
FNDA:65,(anonymous_17)
FNDA:8,(anonymous_19)
FNDA:7,(anonymous_20)
DA:1,1
DA:3,1
DA:4,1
DA:7,1
DA:8,1
DA:9,1
DA:16,1
DA:17,1
DA:18,1
DA:27,35
DA:28,34
DA:30,32
DA:39,32
DA:40,32
DA:42,32
DA:44,31
DA:48,31
DA:50,84
DA:54,31
DA:55,31
DA:57,31
DA:61,22
DA:62,20
DA:63,17
DA:65,16
DA:66,1
DA:69,16
DA:73,59
DA:75,58
DA:76,59
DA:77,46
DA:81,65
DA:82,64
DA:84,63
DA:86,50
DA:87,1
DA:90,50
DA:91,2
DA:93,48
DA:97,8
DA:98,7
DA:99,7
DA:101,1
DA:105,7
DA:106,7
LF:45
LH:45
BRDA:25,0,0,21
BRDA:27,1,0,1
BRDA:27,1,1,34
BRDA:28,2,0,2
BRDA:28,2,1,32
BRDA:60,3,0,6
BRDA:61,4,0,2
BRDA:61,4,1,20
BRDA:62,5,0,3
BRDA:62,5,1,17
BRDA:63,6,0,1
BRDA:63,6,1,16
BRDA:65,7,0,1
BRDA:65,7,1,15
BRDA:72,8,0,4
BRDA:73,9,0,1
BRDA:73,9,1,58
BRDA:80,10,0,6
BRDA:81,11,0,1
BRDA:81,11,1,64
BRDA:82,12,0,1
BRDA:82,12,1,63
BRDA:86,13,0,1
BRDA:86,13,1,49
BRDA:90,14,0,2
BRDA:90,14,1,48
BRDA:97,15,0,7
BRDA:97,15,1,1
BRF:28
BRH:28
end_of_record
TN:
SF:E:\coreipc\clients\nodejs\src\foundation\pipes\pipe-reader.ts
FN:21,(anonymous_7)
FN:29,(anonymous_8)
FN:33,(anonymous_9)
FN:37,(anonymous_10)
FN:52,(anonymous_12)
FN:80,(anonymous_14)
FNF:6
FNH:6
FNDA:45,(anonymous_7)
FNDA:31,(anonymous_8)
FNDA:7,(anonymous_9)
FNDA:80,(anonymous_10)
FNDA:70,(anonymous_12)
FNDA:10,(anonymous_14)
DA:1,1
DA:2,1
DA:4,1
DA:5,1
DA:6,1
DA:9,1
DA:12,1
DA:13,45
DA:15,45
DA:16,45
DA:17,45
DA:18,45
DA:22,45
DA:23,43
DA:30,31
DA:31,31
DA:34,7
DA:35,7
DA:38,80
DA:39,76
DA:41,72
DA:42,71
DA:44,70
DA:45,70
DA:46,70
DA:47,70
DA:49,59
DA:53,70
DA:54,37
DA:55,37
DA:57,37
DA:58,37
DA:59,23
DA:62,56
DA:63,56
DA:64,56
DA:65,56
DA:66,52
DA:67,52
DA:68,52
DA:69,52
DA:70,52
DA:71,23
DA:72,23
DA:77,56
DA:81,10
DA:82,9
DA:83,9
DA:84,9
LF:49
LH:49
BRDA:22,0,0,2
BRDA:22,0,1,43
BRDA:31,1,0,24
BRDA:31,1,1,7
BRDA:35,2,0,2
BRDA:35,2,1,5
BRDA:38,3,0,4
BRDA:38,3,1,76
BRDA:39,4,0,4
BRDA:39,4,1,72
BRDA:41,5,0,1
BRDA:41,5,1,71
BRDA:42,6,0,1
BRDA:42,6,1,70
BRDA:53,7,0,37
BRDA:53,7,1,33
BRDA:53,8,0,70
BRDA:53,8,1,37
BRDA:63,9,0,112
BRDA:63,9,1,83
BRDA:65,10,0,52
BRDA:65,10,1,4
BRDA:70,11,0,23
BRDA:70,11,1,29
BRDA:81,12,0,9
BRDA:81,12,1,1
BRF:26
BRH:26
end_of_record
TN:
SF:E:\coreipc\clients\nodejs\src\foundation\pipes\socket-like.ts
FNF:0
FNH:0
LF:0
LH:0
BRF:0
BRH:0
end_of_record
TN:
SF:E:\coreipc\clients\nodejs\src\foundation\threading\cancellation-token-registration.ts
FN:7,(anonymous_0)
FN:10,(anonymous_1)
FN:14,(anonymous_2)
FN:19,(anonymous_3)
FN:27,(anonymous_4)
FN:32,(anonymous_5)
FN:33,(anonymous_6)
FNF:7
FNH:7
FNDA:92,(anonymous_0)
FNDA:149,(anonymous_1)
FNDA:161,(anonymous_2)
FNDA:160,(anonymous_3)
FNDA:77,(anonymous_4)
FNDA:1,(anonymous_5)
FNDA:56,(anonymous_6)
DA:3,1
DA:5,1
DA:7,92
DA:11,149
DA:18,1
DA:20,160
DA:21,160
DA:23,160
DA:24,160
DA:25,148
DA:27,77
DA:30,1
DA:31,1
DA:32,1
LF:14
LH:14
BRDA:24,0,0,12
BRDA:24,0,1,148
BRDA:25,1,0,4
BRDA:25,1,1,144
BRF:4
BRH:4
end_of_record
TN:
SF:E:\coreipc\clients\nodejs\src\foundation\threading\cancellation-token-source.ts
FN:16,(anonymous_0)
FN:9,(anonymous_1)
FN:22,(anonymous_2)
FN:29,(anonymous_3)
FN:39,(anonymous_4)
FNF:5
FNH:5
FNDA:237,(anonymous_0)
FNDA:190,(anonymous_1)
FNDA:159,(anonymous_2)
FNDA:83,(anonymous_3)
FNDA:29,(anonymous_4)
DA:1,1
DA:3,1
DA:4,1
DA:5,1
DA:7,1
DA:8,237
DA:9,190
DA:10,237
DA:11,237
DA:17,237
DA:18,50
DA:23,159
DA:24,144
DA:30,83
DA:31,83
DA:33,79
DA:34,74
DA:35,70
DA:40,29
DA:41,24
DA:42,24
DA:43,22
LF:22
LH:22
BRDA:17,0,0,50
BRDA:17,0,1,187
BRDA:22,1,0,102
BRDA:23,2,0,15
BRDA:23,2,1,144
BRDA:31,3,0,4
BRDA:31,3,1,79
BRDA:33,4,0,5
BRDA:33,4,1,74
BRDA:34,5,0,70
BRDA:34,5,1,4
BRDA:34,6,0,74
BRDA:34,6,1,74
BRDA:40,7,0,24
BRDA:40,7,1,5
BRDA:42,8,0,22
BRDA:42,8,1,2
BRF:17
BRH:17
end_of_record
TN:
SF:E:\coreipc\clients\nodejs\src\foundation\threading\cancellation-token.ts
FN:8,(anonymous_0)
FN:19,(anonymous_1)
FN:25,(anonymous_2)
FN:32,(anonymous_3)
FN:35,(anonymous_4)
FN:55,(anonymous_5)
FN:65,(anonymous_6)
FN:74,(anonymous_7)
FN:77,(anonymous_8)
FN:78,(anonymous_9)
FN:80,(anonymous_10)
FN:95,(anonymous_11)
FN:98,(anonymous_12)
FN:92,(anonymous_13)
FN:93,(anonymous_14)
FN:101,(anonymous_15)
FN:117,(anonymous_16)
FN:114,(anonymous_17)
FN:115,(anonymous_18)
FN:119,(anonymous_19)
FN:120,(anonymous_20)
FNF:21
FNH:21
FNDA:21,(anonymous_0)
FNDA:181,(anonymous_1)
FNDA:15,(anonymous_2)
FNDA:282,(anonymous_3)
FNDA:137,(anonymous_4)
FNDA:144,(anonymous_5)
FNDA:83,(anonymous_6)
FNDA:263,(anonymous_7)
FNDA:13,(anonymous_8)
FNDA:306,(anonymous_9)
FNDA:159,(anonymous_10)
FNDA:19,(anonymous_11)
FNDA:48,(anonymous_12)
FNDA:4,(anonymous_13)
FNDA:22,(anonymous_14)
FNDA:12,(anonymous_15)
FNDA:1,(anonymous_16)
FNDA:52,(anonymous_17)
FNDA:4,(anonymous_18)
FNDA:85,(anonymous_19)
FNDA:2,(anonymous_20)
DA:1,1
DA:2,1
DA:3,1
DA:4,1
DA:5,1
DA:7,1
DA:9,21
DA:11,1
DA:13,1
DA:15,19
DA:19,181
DA:26,15
DA:27,3
DA:32,1
DA:33,282
DA:36,137
DA:37,11
DA:38,10
DA:41,126
DA:42,126
DA:43,57
DA:44,57
DA:46,10
DA:49,126
DA:50,10
DA:56,144
DA:57,142
DA:58,2
DA:59,2
DA:61,140
DA:62,140
DA:66,83
DA:67,81
DA:68,81
DA:69,51
DA:74,1
DA:75,263
DA:77,13
DA:78,306
DA:81,159
DA:82,125
DA:83,125
DA:88,1
DA:90,19
DA:92,4
DA:93,22
DA:96,19
DA:97,19
DA:98,48
DA:102,12
DA:103,32
DA:106,12
DA:107,12
DA:112,1
DA:114,52
DA:115,4
DA:117,1
DA:119,85
LF:58
LH:58
BRDA:10,0,0,1
BRDA:10,0,1,1
BRDA:10,0,2,19
BRDA:26,1,0,3
BRDA:26,1,1,12
BRDA:36,2,0,11
BRDA:36,2,1,126
BRDA:49,3,0,10
BRDA:49,3,1,116
BRDA:56,4,0,2
BRDA:56,4,1,142
BRDA:57,5,0,2
BRDA:57,5,1,140
BRDA:66,6,0,2
BRDA:66,6,1,81
BRDA:68,7,0,51
BRDA:68,7,1,30
BRDA:81,8,0,125
BRDA:81,8,1,34
BRF:19
BRH:19
end_of_record
TN:
SF:E:\coreipc\clients\nodejs\src\foundation\threading\ecma-timeout.ts
FN:18,(anonymous_0)
FN:6,(anonymous_1)
FN:11,(anonymous_2)
FN:24,(anonymous_3)
FN:29,(anonymous_4)
FNF:5
FNH:5
FNDA:105,(anonymous_0)
FNDA:135,(anonymous_1)
FNDA:30,(anonymous_2)
FNDA:65,(anonymous_3)
FNDA:40,(anonymous_4)
DA:3,1
DA:5,1
DA:7,135
DA:8,133
DA:9,91
DA:11,42
DA:15,105
DA:18,105
DA:19,105
DA:20,99
DA:21,97
DA:22,96
DA:25,65
DA:26,65
DA:30,40
DA:31,31
DA:32,31
LF:17
LH:17
BRDA:19,0,0,6
BRDA:19,0,1,99
BRDA:20,1,0,2
BRDA:20,1,1,97
BRDA:21,2,0,1
BRDA:21,2,1,96
BRDA:7,3,0,2
BRDA:7,3,1,133
BRDA:8,4,0,91
BRDA:8,4,1,42
BRDA:8,5,0,133
BRDA:8,5,1,95
BRDA:30,6,0,31
BRDA:30,6,1,9
BRF:14
BRH:14
end_of_record
TN:
SF:E:\coreipc\clients\nodejs\src\foundation\threading\promise-completion-source.ts
FN:11,(anonymous_0)
FN:12,(anonymous_1)
FN:19,(anonymous_2)
FN:20,(anonymous_3)
FN:22,(anonymous_4)
FN:28,(anonymous_5)
FN:34,(anonymous_6)
FN:43,(anonymous_7)
FN:48,(anonymous_8)
FN:53,(anonymous_9)
FNF:10
FNH:10
FNDA:312,(anonymous_0)
FNDA:312,(anonymous_1)
FNDA:49,(anonymous_2)
FNDA:12,(anonymous_3)
FNDA:235,(anonymous_4)
FNDA:53,(anonymous_5)
FNDA:68,(anonymous_6)
FNDA:140,(anonymous_7)
FNDA:26,(anonymous_8)
FNDA:34,(anonymous_9)
DA:1,1
DA:4,1
DA:7,312
DA:8,312
DA:9,312
DA:12,312
DA:13,312
DA:14,312
DA:15,312
DA:19,49
DA:20,12
DA:23,235
DA:24,205
DA:25,205
DA:26,205
DA:29,53
DA:30,32
DA:31,32
DA:32,32
DA:35,68
DA:36,46
DA:37,46
DA:38,46
DA:42,1
DA:44,140
DA:45,6
DA:49,26
DA:50,6
DA:54,34
DA:55,6
LF:30
LH:30
BRDA:23,0,0,30
BRDA:23,0,1,205
BRDA:29,1,0,21
BRDA:29,1,1,32
BRDA:35,2,0,22
BRDA:35,2,1,46
BRDA:44,3,0,6
BRDA:44,3,1,134
BRDA:49,4,0,6
BRDA:49,4,1,20
BRDA:54,5,0,6
BRDA:54,5,1,28
BRF:12
BRH:12
end_of_record
TN:
SF:E:\coreipc\clients\nodejs\src\foundation\threading\promise-pal.ts
FN:14,(anonymous_0)
FN:15,(anonymous_1)
FN:17,(anonymous_2)
FN:18,(anonymous_3)
FN:20,(anonymous_4)
FN:21,(anonymous_5)
FN:24,(anonymous_6)
FN:27,(anonymous_7)
FN:34,(anonymous_8)
FN:42,(anonymous_9)
FN:48,(anonymous_10)
FN:49,(anonymous_11)
FN:49,(anonymous_12)
FN:12,(anonymous_13)
FN:75,(anonymous_14)
FN:102,(anonymous_15)
FNF:16
FNH:16
FNDA:24,(anonymous_0)
FNDA:24,(anonymous_1)
FNDA:9,(anonymous_2)
FNDA:9,(anonymous_3)
FNDA:3,(anonymous_4)
FNDA:3,(anonymous_5)
FNDA:57,(anonymous_6)
FNDA:52,(anonymous_7)
FNDA:5,(anonymous_8)
FNDA:57,(anonymous_9)
FNDA:360,(anonymous_10)
FNDA:234,(anonymous_11)
FNDA:97,(anonymous_12)
FNDA:1,(anonymous_13)
FNDA:62,(anonymous_14)
FNDA:323,(anonymous_15)
DA:3,1
DA:5,1
DA:6,1
DA:7,1
DA:8,1
DA:9,1
DA:12,1
DA:15,24
DA:18,9
DA:21,3
DA:25,57
DA:27,57
DA:28,52
DA:29,52
DA:30,4
DA:33,57
DA:35,5
DA:36,5
DA:40,57
DA:43,57
DA:44,57
DA:45,57
DA:49,360
DA:50,360
DA:75,1
DA:76,62
DA:79,61
DA:81,34
DA:82,1
DA:84,33
DA:85,33
DA:87,26
DA:88,1
DA:90,25
DA:91,1
DA:93,24
DA:94,24
DA:96,1
DA:99,57
DA:102,1
DA:103,323
DA:106,1
DA:107,1
DA:108,1
DA:109,1
DA:110,1
LF:46
LH:46
BRDA:29,0,0,4
BRDA:29,0,1,48
BRDA:34,1,0,9
BRDA:34,1,1,48
BRDA:75,2,0,49
BRDA:76,3,0,1
BRDA:76,3,1,61
BRDA:80,4,0,34
BRDA:80,4,1,26
BRDA:80,4,2,1
BRDA:81,5,0,1
BRDA:81,5,1,33
BRDA:87,6,0,1
BRDA:87,6,1,25
BRDA:90,7,0,1
BRDA:90,7,1,24
BRF:16
BRH:16
end_of_record
TN:
SF:E:\coreipc\clients\nodejs\src\foundation\threading\timeout.ts
FNF:0
FNH:0
DA:1,1
DA:3,1
DA:5,1
LF:3
LH:3
BRF:0
BRH:0
end_of_record
TN:
SF:E:\coreipc\clients\nodejs\src\foundation\threading\timespan.ts
FN:4,(anonymous_0)
FN:75,(anonymous_1)
FN:13,(anonymous_2)
FN:33,(anonymous_3)
FN:34,(anonymous_4)
FN:36,(anonymous_5)
FN:37,(anonymous_6)
FN:38,(anonymous_7)
FN:40,(anonymous_8)
FN:44,(anonymous_9)
FN:48,(anonymous_10)
FN:52,(anonymous_11)
FN:56,(anonymous_12)
FN:61,(anonymous_13)
FN:63,(anonymous_14)
FN:64,(anonymous_15)
FN:65,(anonymous_16)
FN:66,(anonymous_17)
FN:67,(anonymous_18)
FN:69,(anonymous_19)
FN:70,(anonymous_20)
FN:71,(anonymous_21)
FN:72,(anonymous_22)
FN:73,(anonymous_23)
FN:78,(anonymous_24)
FN:79,enumerateComponents
FN:99,(anonymous_26)
FN:100,(anonymous_27)
FNF:28
FNH:28
FNDA:1,(anonymous_0)
FNDA:521,(anonymous_1)
FNDA:173,(anonymous_2)
FNDA:15,(anonymous_3)
FNDA:3,(anonymous_4)
FNDA:18,(anonymous_5)
FNDA:18,(anonymous_6)
FNDA:350,(anonymous_7)
FNDA:350,(anonymous_8)
FNDA:95,(anonymous_9)
FNDA:29,(anonymous_10)
FNDA:27,(anonymous_11)
FNDA:30,(anonymous_12)
FNDA:180,(anonymous_13)
FNDA:179,(anonymous_14)
FNDA:23,(anonymous_15)
FNDA:9,(anonymous_16)
FNDA:9,(anonymous_17)
FNDA:9,(anonymous_18)
FNDA:36,(anonymous_19)
FNDA:32,(anonymous_20)
FNDA:33,(anonymous_21)
FNDA:34,(anonymous_22)
FNDA:45,(anonymous_23)
FNDA:15,(anonymous_24)
FNDA:15,enumerateComponents
FNDA:24,(anonymous_26)
FNDA:12,(anonymous_27)
DA:1,1
DA:4,1
DA:5,1
DA:6,1
DA:7,1
DA:8,1
DA:11,1
DA:14,173
DA:17,171
DA:19,1
DA:21,55
DA:22,55
DA:24,115
DA:25,1
DA:27,114
DA:28,114
DA:30,169
DA:33,15
DA:34,3
DA:35,1
DA:36,18
DA:37,18
DA:38,350
DA:41,350
DA:42,348
DA:45,95
DA:46,93
DA:49,29
DA:50,27
DA:53,27
DA:54,25
DA:57,30
DA:58,28
DA:61,180
DA:63,179
DA:64,23
DA:65,9
DA:66,9
DA:67,9
DA:69,36
DA:70,32
DA:71,33
DA:72,34
DA:73,45
DA:75,521
DA:77,521
DA:80,15
DA:81,15
DA:82,15
DA:83,15
DA:84,15
DA:85,15
DA:86,15
DA:87,15
DA:88,14
DA:89,14
DA:93,15
DA:94,15
DA:95,113
DA:97,15
DA:99,24
DA:100,12
LF:62
LH:62
BRDA:4,0,0,1
BRDA:4,0,1,1
BRDA:14,1,0,2
BRDA:14,1,1,171
BRDA:18,2,0,1
BRDA:18,2,1,55
BRDA:18,2,2,115
BRDA:24,3,0,1
BRDA:24,3,1,114
BRDA:41,4,0,2
BRDA:41,4,1,348
BRDA:45,5,0,2
BRDA:45,5,1,93
BRDA:49,6,0,2
BRDA:49,6,1,27
BRDA:53,7,0,2
BRDA:53,7,1,25
BRDA:57,8,0,2
BRDA:57,8,1,28
BRDA:80,9,0,4
BRDA:80,9,1,11
BRDA:81,10,0,6
BRDA:81,10,1,9
BRDA:87,11,0,14
BRDA:87,11,1,1
BRDA:99,12,0,24
BRDA:99,12,1,15
BRF:27
BRH:27
end_of_record
TN:
SF:E:\coreipc\clients\nodejs\src\foundation\utils\maybe.ts
FNF:0
FNH:0
LF:0
LH:0
BRF:0
BRH:0
end_of_record
TN:
SF:E:\coreipc\clients\nodejs\src\foundation\utils\outcome.ts
FN:5,(anonymous_0)
FN:12,(anonymous_1)
FN:13,(anonymous_2)
FN:14,(anonymous_3)
FN:27,(anonymous_4)
FN:24,(anonymous_5)
FN:29,(anonymous_6)
FN:33,(anonymous_7)
FN:43,(anonymous_8)
FN:39,(anonymous_9)
FN:41,(anonymous_10)
FN:45,(anonymous_11)
FN:49,(anonymous_12)
FN:59,(anonymous_13)
FN:55,(anonymous_14)
FN:57,(anonymous_15)
FN:61,(anonymous_16)
FN:65,(anonymous_17)
FNF:18
FNH:18
FNDA:1,(anonymous_0)
FNDA:4,(anonymous_1)
FNDA:4,(anonymous_2)
FNDA:3,(anonymous_3)
FNDA:48,(anonymous_4)
FNDA:3,(anonymous_5)
FNDA:6,(anonymous_6)
FNDA:22,(anonymous_7)
FNDA:27,(anonymous_8)
FNDA:2,(anonymous_9)
FNDA:1,(anonymous_10)
FNDA:6,(anonymous_11)
FNDA:11,(anonymous_12)
FNDA:38,(anonymous_13)
FNDA:2,(anonymous_14)
FNDA:1,(anonymous_15)
FNDA:6,(anonymous_16)
FNDA:22,(anonymous_17)
DA:1,1
DA:5,1
DA:6,1
DA:7,1
DA:8,1
DA:11,1
DA:12,4
DA:13,4
DA:14,3
DA:23,1
DA:24,3
DA:25,48
DA:27,48
DA:30,6
DA:31,5
DA:34,22
DA:35,21
DA:38,1
DA:39,2
DA:40,27
DA:41,1
DA:43,27
DA:46,6
DA:47,5
DA:50,11
DA:51,10
DA:54,1
DA:55,2
DA:56,38
DA:57,1
DA:59,38
DA:62,6
DA:63,5
DA:66,22
DA:67,21
LF:35
LH:35
BRDA:5,0,0,1
BRDA:5,0,1,1
BRDA:30,1,0,1
BRDA:30,1,1,5
BRDA:34,2,0,1
BRDA:34,2,1,21
BRDA:46,3,0,1
BRDA:46,3,1,5
BRDA:50,4,0,1
BRDA:50,4,1,10
BRDA:62,5,0,1
BRDA:62,5,1,5
BRDA:66,6,0,1
BRDA:66,6,1,21
BRF:14
BRH:14
end_of_record
TN:
SF:E:\coreipc\clients\nodejs\src\foundation\utils\quack.ts
FN:3,(anonymous_0)
FN:6,(anonymous_1)
FN:7,(anonymous_2)
FN:8,(anonymous_3)
FN:10,(anonymous_4)
FN:13,(anonymous_5)
FN:16,(anonymous_6)
FNF:7
FNH:7
FNDA:51,(anonymous_0)
FNDA:7,(anonymous_1)
FNDA:221,(anonymous_2)
FNDA:240,(anonymous_3)
FNDA:39,(anonymous_4)
FNDA:128,(anonymous_5)
FNDA:163,(anonymous_6)
DA:1,1
DA:3,1
DA:4,51
DA:6,7
DA:7,221
DA:8,240
DA:11,39
DA:14,128
DA:17,163
DA:18,160
LF:10
LH:10
BRDA:17,0,0,3
BRDA:17,0,1,160
BRF:2
BRH:2
end_of_record
TN:
SF:E:\coreipc\clients\nodejs\src\foundation\utils\stack-trace.ts
FN:5,(anonymous_0)
FN:9,(anonymous_1)
FN:14,(anonymous_2)
FNF:3
FNH:3
FNDA:12,(anonymous_0)
FNDA:306,(anonymous_1)
FNDA:12,(anonymous_2)
DA:1,1
DA:6,12
DA:9,306
DA:11,12
DA:14,12
LF:5
LH:5
BRDA:6,0,0,12
BRDA:6,0,1,0
BRF:2
BRH:1
end_of_record
TN:
SF:E:\coreipc\clients\nodejs\src\foundation\utils\trace.ts
FN:6,(anonymous_0)
FN:11,(anonymous_1)
FN:22,(anonymous_2)
FN:46,(anonymous_3)
FN:32,(anonymous_4)
FN:36,(anonymous_5)
FN:63,(anonymous_6)
FN:64,(anonymous_7)
FN:64,(anonymous_8)
FNF:9
FNH:6
FNDA:10,(anonymous_0)
FNDA:4,(anonymous_1)
FNDA:4,(anonymous_2)
FNDA:27,(anonymous_3)
FNDA:27,(anonymous_4)
FNDA:188,(anonymous_5)
FNDA:0,(anonymous_6)
FNDA:0,(anonymous_7)
FNDA:0,(anonymous_8)
DA:2,1
DA:4,1
DA:5,1
DA:7,10
DA:9,8
DA:10,8
DA:12,4
DA:13,4
DA:14,3
DA:23,4
DA:24,20
DA:25,20
DA:31,1
DA:32,27
DA:37,188
DA:38,3
DA:39,3
DA:47,27
DA:59,1
DA:63,1
DA:64,0
DA:65,0
LF:22
LH:20
BRDA:7,0,0,2
BRDA:7,0,1,8
BRDA:13,1,0,3
BRDA:13,1,1,1
BRF:4
BRH:4
end_of_record
