TN:
SF:E:\Ipc\clients\nodejs\projects\@uipath-ipc\src\core\internals\broker-message.ts
FN:5,(anonymous_0)
FN:14,(anonymous_1)
FN:24,(anonymous_2)
FN:33,(anonymous_3)
FNF:4
FNH:4
FNDA:54,(anonymous_0)
FNDA:22,(anonymous_1)
FNDA:32,(anonymous_2)
FNDA:148,(anonymous_3)
DA:2,1
DA:4,1
DA:6,54
DA:7,54
DA:9,54
DA:13,1
DA:17,22
DA:19,22
DA:23,1
DA:28,32
DA:32,1
DA:34,148
DA:35,148
DA:37,148
LF:14
LH:14
BRF:0
BRH:0
end_of_record
TN:
SF:E:\Ipc\clients\nodejs\projects\@uipath-ipc\src\core\internals\broker.ts
FN:55,(anonymous_7)
FN:63,(anonymous_8)
FN:84,(anonymous_10)
FN:100,(anonymous_12)
FN:108,(anonymous_14)
FN:111,(anonymous_16)
FN:111,(anonymous_17)
FN:140,(anonymous_18)
FN:147,(anonymous_19)
FN:147,(anonymous_20)
FN:180,(anonymous_21)
FN:187,(anonymous_22)
FN:214,(anonymous_24)
FN:224,(anonymous_26)
FNF:14
FNH:12
FNDA:25,(anonymous_7)
FNDA:16,(anonymous_8)
FNDA:11,(anonymous_10)
FNDA:27,(anonymous_12)
FNDA:14,(anonymous_14)
FNDA:0,(anonymous_16)
FNDA:0,(anonymous_17)
FNDA:22,(anonymous_18)
FNDA:5,(anonymous_19)
FNDA:5,(anonymous_20)
FNDA:4,(anonymous_21)
FNDA:4,(anonymous_22)
FNDA:14,(anonymous_24)
FNDA:13,(anonymous_26)
DA:1,1
DA:2,1
DA:6,1
DA:7,1
DA:8,1
DA:10,1
DA:11,1
DA:14,1
DA:18,1
DA:19,1
DA:20,1
DA:43,1
DA:44,25
DA:45,25
DA:46,25
DA:48,25
DA:49,25
DA:51,25
DA:52,25
DA:53,25
DA:55,25
DA:56,25
DA:57,25
DA:58,24
DA:59,23
DA:60,22
DA:64,16
DA:66,14
DA:67,14
DA:69,14
DA:71,13
DA:77,13
DA:79,13
DA:82,1
DA:85,11
DA:86,8
DA:88,8
DA:90,8
DA:91,3
DA:94,8
DA:96,8
DA:101,27
DA:102,14
DA:103,13
DA:104,13
DA:106,26
DA:109,14
DA:111,14
DA:119,14
DA:120,14
DA:121,3
DA:122,3
DA:123,3
DA:125,3
DA:128,14
DA:135,13
DA:137,13
DA:141,22
DA:143,21
DA:144,5
DA:145,5
DA:147,5
DA:148,5
DA:149,5
DA:150,5
DA:152,3
DA:157,5
DA:158,4
DA:159,4
DA:161,4
DA:162,4
DA:164,1
DA:171,16
DA:172,16
DA:173,16
DA:181,4
DA:183,4
DA:184,4
DA:188,4
DA:189,4
DA:191,3
DA:192,3
DA:193,3
DA:194,3
DA:195,3
DA:198,1
DA:201,3
DA:205,3
DA:207,1
DA:215,14
DA:216,14
DA:217,0
DA:218,0
DA:220,14
DA:225,13
DA:226,13
DA:227,13
DA:228,13
DA:229,13
DA:231,0
DA:232,0
DA:233,0
DA:236,13
DA:237,13
DA:238,0
DA:239,0
DA:240,0
DA:243,0
DA:244,0
DA:246,13
DA:247,13
DA:249,0
DA:250,0
LF:113
LH:101
BRDA:56,0,0,0
BRDA:56,0,1,25
BRDA:57,1,0,1
BRDA:57,1,1,24
BRDA:58,2,0,1
BRDA:58,2,1,23
BRDA:59,3,0,1
BRDA:59,3,1,22
BRDA:60,4,0,1
BRDA:60,4,1,21
BRDA:64,5,0,2
BRDA:64,5,1,14
BRDA:85,6,0,8
BRDA:85,6,1,3
BRDA:90,7,0,3
BRDA:90,7,1,5
BRDA:101,8,0,14
BRDA:101,8,1,13
BRDA:120,9,0,3
BRDA:120,9,1,11
BRDA:120,10,0,14
BRDA:120,10,1,3
BRDA:128,11,0,14
BRDA:128,11,1,13
BRDA:141,12,0,1
BRDA:141,12,1,21
BRDA:143,13,0,5
BRDA:143,13,1,16
BRDA:157,14,0,4
BRDA:157,14,1,1
BRDA:171,15,0,16
BRDA:183,16,0,4
BRDA:189,17,0,3
BRDA:189,17,1,1
BRDA:194,18,0,3
BRDA:194,18,1,0
BRDA:202,19,0,2
BRDA:202,19,1,1
BRDA:215,20,0,14
BRDA:215,20,1,0
BRDA:215,21,0,14
BRDA:215,21,1,0
BRDA:216,22,0,0
BRDA:216,22,1,14
BRDA:237,23,0,0
BRDA:237,23,1,13
BRDA:237,24,0,13
BRDA:237,24,1,0
BRF:48
BRH:41
end_of_record
TN:
SF:E:\Ipc\clients\nodejs\projects\@uipath-ipc\src\core\internals\context.ts
FN:26,(anonymous_7)
FN:30,(anonymous_8)
FN:22,(anonymous_9)
FN:35,(anonymous_10)
FN:42,(anonymous_11)
FN:51,(anonymous_12)
FN:58,(anonymous_13)
FN:65,(anonymous_15)
FN:70,(anonymous_16)
FN:78,(anonymous_17)
FN:86,(anonymous_18)
FN:96,(anonymous_19)
FN:100,isString
FNF:13
FNH:13
FNDA:32,(anonymous_7)
FNDA:1,(anonymous_8)
FNDA:23,(anonymous_9)
FNDA:23,(anonymous_10)
FNDA:17,(anonymous_11)
FNDA:13,(anonymous_12)
FNDA:9,(anonymous_13)
FNDA:35,(anonymous_15)
FNDA:20,(anonymous_16)
FNDA:24,(anonymous_17)
FNDA:24,(anonymous_18)
FNDA:13,(anonymous_19)
FNDA:6,isString
DA:2,1
DA:4,1
DA:5,1
DA:7,1
DA:18,1
DA:19,32
DA:23,23
DA:26,32
DA:27,32
DA:28,29
DA:30,27
DA:31,1
DA:36,23
DA:38,21
DA:39,21
DA:43,17
DA:44,14
DA:50,1
DA:52,13
DA:53,13
DA:55,13
DA:56,11
DA:59,9
DA:60,7
DA:65,1
DA:66,35
DA:67,35
DA:68,35
DA:71,20
DA:72,19
DA:74,18
DA:75,18
DA:76,18
DA:79,24
DA:80,21
DA:81,19
DA:83,18
DA:87,24
DA:88,24
DA:90,24
DA:91,17
DA:92,17
DA:97,13
DA:98,12
DA:101,6
DA:104,12
DA:108,12
DA:109,6
LF:48
LH:48
BRDA:27,0,0,3
BRDA:27,0,1,29
BRDA:28,1,0,2
BRDA:28,1,1,27
BRDA:36,2,0,2
BRDA:36,2,1,21
BRDA:43,3,0,14
BRDA:43,3,1,3
BRDA:55,4,0,2
BRDA:55,4,1,11
BRDA:56,5,0,2
BRDA:56,5,1,9
BRDA:59,6,0,2
BRDA:59,6,1,7
BRDA:71,7,0,1
BRDA:71,7,1,19
BRDA:72,8,0,1
BRDA:72,8,1,18
BRDA:79,9,0,3
BRDA:79,9,1,21
BRDA:80,10,0,2
BRDA:80,10,1,19
BRDA:81,11,0,1
BRDA:81,11,1,18
BRDA:90,12,0,17
BRDA:90,12,1,7
BRDA:97,13,0,12
BRDA:97,13,1,1
BRF:28
BRH:28
end_of_record
TN:
SF:E:\Ipc\clients\nodejs\projects\@uipath-ipc\src\core\internals\message-event.ts
FN:6,(anonymous_0)
FNF:1
FNH:1
FNDA:23,(anonymous_0)
DA:5,1
DA:7,23
DA:8,23
LF:3
LH:3
BRF:0
BRH:0
end_of_record
TN:
SF:E:\Ipc\clients\nodejs\projects\@uipath-ipc\src\core\internals\message-stream.ts
FN:32,(anonymous_6)
FN:29,(anonymous_7)
FN:30,(anonymous_8)
FN:38,(anonymous_9)
FN:42,(anonymous_10)
FN:53,(anonymous_12)
FN:65,(anonymous_14)
FNF:7
FNH:7
FNDA:22,(anonymous_6)
FNDA:16,(anonymous_7)
FNDA:1,(anonymous_8)
FNDA:19,(anonymous_9)
FNDA:7,(anonymous_10)
FNDA:20,(anonymous_12)
FNDA:43,(anonymous_14)
DA:1,1
DA:4,1
DA:6,1
DA:9,1
DA:10,1
DA:21,1
DA:22,22
DA:23,22
DA:25,22
DA:27,22
DA:29,16
DA:30,1
DA:32,22
DA:33,22
DA:35,20
DA:39,19
DA:43,7
DA:44,7
DA:45,7
DA:47,7
DA:48,7
DA:54,20
DA:55,20
DA:56,43
DA:58,23
DA:61,10
DA:66,43
DA:67,26
DA:68,26
DA:70,26
DA:71,26
DA:73,26
DA:74,26
DA:75,23
LF:34
LH:34
BRDA:33,0,0,2
BRDA:33,0,1,20
BRF:2
BRH:2
end_of_record
TN:
SF:E:\Ipc\clients\nodejs\projects\@uipath-ipc\src\core\internals\proxy-factory.ts
FN:44,(anonymous_7)
FN:33,(anonymous_8)
FN:49,(anonymous_9)
FN:57,(anonymous_10)
FN:67,(anonymous_11)
FN:94,(anonymous_13)
FN:97,(anonymous_14)
FN:105,(anonymous_15)
FN:106,(anonymous_16)
FN:115,(anonymous_17)
FN:119,(anonymous_18)
FN:130,(anonymous_19)
FN:138,(anonymous_20)
FN:140,(anonymous_21)
FN:150,(anonymous_22)
FN:157,(anonymous_23)
FNF:16
FNH:16
FNDA:21,(anonymous_7)
FNDA:22,(anonymous_8)
FNDA:21,(anonymous_9)
FNDA:67,(anonymous_10)
FNDA:12,(anonymous_11)
FNDA:21,(anonymous_13)
FNDA:107,(anonymous_14)
FNDA:21,(anonymous_15)
FNDA:28,(anonymous_16)
FNDA:67,(anonymous_17)
FNDA:3,(anonymous_18)
FNDA:9,(anonymous_19)
FNDA:67,(anonymous_20)
FNDA:2,(anonymous_21)
FNDA:7,(anonymous_22)
FNDA:18,(anonymous_23)
DA:4,1
DA:6,1
DA:7,1
DA:8,1
DA:9,1
DA:11,1
DA:12,1
DA:14,1
DA:17,1
DA:32,1
DA:34,22
DA:36,21
DA:37,21
DA:38,21
DA:44,21
DA:45,21
DA:46,21
DA:50,21
DA:51,21
DA:52,67
DA:53,67
DA:58,67
DA:59,67
DA:61,67
DA:62,67
DA:63,67
DA:65,67
DA:67,67
DA:68,12
DA:70,12
DA:72,12
DA:73,12
DA:74,12
DA:75,10
DA:77,10
DA:78,1
DA:80,9
DA:83,3
DA:85,3
DA:86,2
DA:88,1
DA:95,21
DA:98,107
DA:99,107
DA:101,1
DA:106,21
DA:107,28
DA:109,21
DA:110,21
DA:116,67
DA:120,3
DA:121,1
DA:124,3
DA:125,2
DA:127,1
DA:131,9
DA:132,1
DA:135,9
DA:139,67
DA:140,2
DA:141,2
DA:142,1
DA:144,2
DA:147,65
DA:151,7
DA:156,1
DA:161,18
DA:162,17
DA:164,16
DA:166,16
DA:167,16
DA:168,16
DA:169,186
DA:170,11
DA:171,11
DA:174,16
DA:178,16
DA:179,16
LF:78
LH:78
BRDA:34,0,0,1
BRDA:34,0,1,21
BRDA:59,1,0,55
BRDA:59,1,1,12
BRDA:62,2,0,55
BRDA:62,2,1,12
BRDA:77,3,0,1
BRDA:77,3,1,9
BRDA:85,4,0,2
BRDA:85,4,1,1
BRDA:85,5,0,3
BRDA:85,5,1,2
BRDA:99,6,0,107
BRDA:99,6,1,99
BRDA:99,6,2,88
BRDA:116,7,0,3
BRDA:116,7,1,64
BRDA:120,8,0,1
BRDA:120,8,1,2
BRDA:120,9,0,3
BRDA:120,9,1,3
BRDA:124,10,0,2
BRDA:124,10,1,1
BRDA:124,11,0,3
BRDA:124,11,1,3
BRDA:131,12,0,1
BRDA:131,12,1,8
BRDA:131,13,0,9
BRDA:131,13,1,7
BRDA:139,14,0,2
BRDA:139,14,1,65
BRDA:141,15,0,1
BRDA:141,15,1,1
BRDA:161,16,0,1
BRDA:161,16,1,17
BRDA:162,17,0,1
BRDA:162,17,1,16
BRDA:169,18,0,11
BRDA:169,18,1,175
BRDA:175,19,0,5
BRDA:175,19,1,11
BRF:41
BRH:41
end_of_record
TN:
SF:E:\Ipc\clients\nodejs\projects\@uipath-ipc\src\core\internals\serialization-pal.ts
FN:12,(anonymous_1)
FN:19,(anonymous_2)
FN:22,(anonymous_3)
FN:33,(anonymous_4)
FN:56,(anonymous_5)
FN:86,(anonymous_6)
FN:101,(anonymous_7)
FN:121,(anonymous_8)
FN:134,(anonymous_9)
FN:168,(anonymous_10)
FN:190,(anonymous_11)
FNF:11
FNH:11
FNDA:97,(anonymous_1)
FNDA:40,(anonymous_2)
FNDA:113,(anonymous_3)
FNDA:51,(anonymous_4)
FNDA:49,(anonymous_5)
FNDA:18,(anonymous_6)
FNDA:98,(anonymous_7)
FNDA:24,(anonymous_8)
FNDA:19,(anonymous_9)
FNDA:31,(anonymous_10)
FNDA:38,(anonymous_11)
DA:1,1
DA:2,1
DA:3,1
DA:4,1
DA:5,1
DA:6,1
DA:7,1
DA:11,1
DA:13,97
DA:14,1
DA:16,96
DA:20,40
DA:23,113
DA:36,51
DA:37,13
DA:38,38
DA:39,23
DA:41,15
DA:42,15
DA:43,15
DA:44,15
DA:45,15
DA:46,2
DA:50,51
DA:57,49
DA:58,43
DA:60,41
DA:62,1
DA:65,18
DA:66,18
DA:67,18
DA:71,22
DA:72,22
DA:74,22
DA:75,22
DA:76,11
DA:78,11
DA:81,22
DA:90,18
DA:91,17
DA:93,17
DA:94,17
DA:99,17
DA:102,98
DA:103,96
DA:105,94
DA:110,94
DA:111,94
DA:112,94
DA:114,94
DA:115,94
DA:116,94
DA:118,94
DA:127,24
DA:128,22
DA:129,20
DA:131,19
DA:140,19
DA:141,19
DA:142,19
DA:144,19
DA:145,18
DA:146,18
DA:147,2
DA:148,1
DA:150,16
DA:151,1
DA:152,1
DA:155,18
DA:156,18
DA:159,19
DA:160,19
DA:162,19
DA:163,19
DA:165,19
DA:169,31
DA:170,28
DA:171,25
DA:172,23
DA:173,21
DA:175,20
DA:181,20
DA:182,20
DA:183,20
DA:184,20
DA:185,20
DA:186,20
DA:188,20
DA:194,38
DA:196,36
DA:198,36
DA:199,36
DA:201,36
DA:202,36
LF:94
LH:94
BRDA:13,0,0,1
BRDA:13,0,1,96
BRDA:24,1,0,15
BRDA:24,1,1,98
BRDA:26,2,0,79
BRDA:26,2,1,19
BRDA:29,3,0,19
BRDA:29,3,1,2
BRDA:36,4,0,13
BRDA:36,4,1,38
BRDA:38,5,0,23
BRDA:38,5,1,15
BRDA:45,6,0,2
BRDA:45,6,1,13
BRDA:57,7,0,6
BRDA:57,7,1,43
BRDA:58,8,0,2
BRDA:58,8,1,41
BRDA:61,9,0,1
BRDA:61,9,1,18
BRDA:61,9,2,22
BRDA:90,10,0,1
BRDA:90,10,1,17
BRDA:102,11,0,2
BRDA:102,11,1,96
BRDA:103,12,0,2
BRDA:103,12,1,94
BRDA:107,13,0,15
BRDA:107,13,1,79
BRDA:127,14,0,2
BRDA:127,14,1,22
BRDA:128,15,0,2
BRDA:128,15,1,20
BRDA:129,16,0,1
BRDA:129,16,1,19
BRDA:146,17,0,2
BRDA:146,17,1,16
BRDA:147,18,0,1
BRDA:147,18,1,1
BRDA:150,19,0,1
BRDA:150,19,1,15
BRDA:169,20,0,3
BRDA:169,20,1,28
BRDA:170,21,0,3
BRDA:170,21,1,25
BRDA:171,22,0,2
BRDA:171,22,1,23
BRDA:172,23,0,2
BRDA:172,23,1,21
BRDA:173,24,0,1
BRDA:173,24,1,20
BRDA:194,25,0,2
BRDA:194,25,1,36
BRDA:199,26,0,23
BRDA:199,26,1,13
BRF:55
BRH:55
end_of_record
TN:
SF:E:\Ipc\clients\nodejs\projects\@uipath-ipc\src\core\surface\ipc-client.ts
FN:15,(anonymous_6)
FN:30,(anonymous_7)
FN:34,(anonymous_9)
FN:64,(anonymous_10)
FN:74,(anonymous_11)
FN:80,(anonymous_12)
FN:92,(anonymous_13)
FN:93,(anonymous_14)
FNF:8
FNH:8
FNDA:12,(anonymous_6)
FNDA:2,(anonymous_7)
FNDA:6,(anonymous_9)
FNDA:14,(anonymous_10)
FNDA:4,(anonymous_11)
FNDA:4,(anonymous_12)
FNDA:7,(anonymous_13)
FNDA:7,(anonymous_14)
DA:1,1
DA:2,1
DA:3,1
DA:5,1
DA:6,1
DA:11,1
DA:16,12
DA:20,12
DA:21,9
DA:23,7
DA:24,7
DA:26,7
DA:27,7
DA:31,2
DA:35,6
DA:64,1
DA:66,14
DA:69,14
DA:71,14
DA:72,14
DA:75,4
DA:77,2
DA:78,2
DA:81,4
DA:83,2
DA:84,2
DA:90,14
DA:92,7
DA:93,7
LF:29
LH:29
BRDA:20,0,0,3
BRDA:20,0,1,9
BRDA:21,1,0,2
BRDA:21,1,1,7
BRDA:24,2,0,2
BRDA:24,2,1,5
BRDA:26,3,0,7
BRDA:26,3,1,6
BRDA:75,4,0,2
BRDA:75,4,1,2
BRDA:81,5,0,2
BRDA:81,5,1,2
BRF:12
BRH:12
end_of_record
TN:
SF:E:\Ipc\clients\nodejs\projects\@uipath-ipc\src\core\surface\message.ts
FN:13,(anonymous_0)
FNF:1
FNH:1
FNDA:26,(anonymous_0)
DA:1,1
DA:2,1
DA:5,1
DA:14,26
DA:15,3
DA:16,3
DA:17,23
DA:18,4
DA:19,4
DA:20,1
DA:22,3
DA:25,19
DA:26,19
DA:28,19
DA:29,15
DA:30,5
DA:32,10
DA:34,4
LF:18
LH:18
BRDA:14,0,0,3
BRDA:14,0,1,23
BRDA:14,1,0,26
BRDA:14,1,1,6
BRDA:17,2,0,4
BRDA:17,2,1,19
BRDA:17,3,0,23
BRDA:17,3,1,4
BRDA:19,4,0,1
BRDA:19,4,1,3
BRDA:25,5,0,19
BRDA:28,6,0,15
BRDA:28,6,1,4
BRDA:29,7,0,5
BRDA:29,7,1,10
BRF:15
BRH:15
end_of_record
TN:
SF:E:\Ipc\clients\nodejs\projects\@uipath-ipc\src\core\surface\rtti.ts
FN:14,__hasCancellationToken__
FN:18,__returns__
FN:19,(anonymous_2)
FN:26,(anonymous_3)
FN:33,(anonymous_4)
FN:28,(anonymous_5)
FN:37,(anonymous_6)
FN:38,(anonymous_7)
FN:48,(anonymous_8)
FN:45,(anonymous_9)
FN:46,(anonymous_10)
FNF:11
FNH:11
FNDA:3,__hasCancellationToken__
FNDA:2,__returns__
FNDA:2,(anonymous_2)
FNDA:1,(anonymous_3)
FNDA:1,(anonymous_4)
FNDA:72,(anonymous_5)
FNDA:67,(anonymous_6)
FNDA:5,(anonymous_7)
FNDA:2,(anonymous_8)
FNDA:5,(anonymous_9)
FNDA:5,(anonymous_10)
DA:9,1
DA:10,1
DA:11,1
DA:12,1
DA:14,1
DA:15,3
DA:16,3
DA:18,1
DA:19,2
DA:20,2
DA:21,2
DA:26,1
DA:27,1
DA:29,72
DA:30,72
DA:32,1
DA:34,1
DA:35,1
DA:37,67
DA:38,5
DA:41,1
DA:42,2
DA:45,5
DA:46,5
DA:49,2
DA:50,2
LF:26
LH:26
BRDA:30,0,0,72
BRDA:30,0,1,1
BRDA:37,1,0,67
BRDA:37,1,1,12
BRDA:38,2,0,5
BRDA:38,2,1,2
BRDA:46,3,0,5
BRDA:46,3,1,3
BRDA:26,4,0,1
BRDA:26,4,1,1
BRF:10
BRH:10
end_of_record
TN:
SF:E:\Ipc\clients\nodejs\projects\@uipath-ipc\src\foundation\errors\pipe\pipe-error.ts
FNF:0
FNH:0
LF:0
LH:0
BRF:0
BRH:0
end_of_record
TN:
SF:E:\Ipc\clients\nodejs\projects\@uipath-ipc\src\foundation\pipes\logical-socket.ts
FN:40,(anonymous_6)
FN:38,(anonymous_7)
FN:51,(anonymous_8)
FN:54,(anonymous_9)
FN:58,(anonymous_10)
FN:70,(anonymous_12)
FN:71,(anonymous_13)
FN:72,(anonymous_14)
FN:75,(anonymous_15)
FN:93,(anonymous_16)
FN:104,(anonymous_18)
FN:107,(anonymous_19)
FN:120,(anonymous_20)
FNF:13
FNH:13
FNDA:71,(anonymous_6)
FNDA:36,(anonymous_7)
FNDA:11,(anonymous_8)
FNDA:6,(anonymous_9)
FNDA:47,(anonymous_10)
FNDA:38,(anonymous_12)
FNDA:3,(anonymous_13)
FNDA:5,(anonymous_14)
FNDA:6,(anonymous_15)
FNDA:11,(anonymous_16)
FNDA:1,(anonymous_18)
FNDA:4,(anonymous_19)
FNDA:11,(anonymous_20)
DA:4,1
DA:7,1
DA:8,1
DA:9,1
DA:10,1
DA:11,1
DA:12,1
DA:13,1
DA:29,1
DA:30,71
DA:31,71
DA:32,71
DA:37,71
DA:38,36
DA:40,71
DA:41,71
DA:43,69
DA:44,69
DA:46,69
DA:52,11
DA:55,6
DA:59,47
DA:60,45
DA:62,43
DA:63,1
DA:65,42
DA:66,1
DA:68,41
DA:69,41
DA:70,41
DA:71,41
DA:72,41
DA:73,5
DA:75,41
DA:76,6
DA:78,41
DA:79,41
DA:80,41
DA:81,30
DA:83,11
DA:84,1
DA:86,11
DA:89,41
DA:90,41
DA:94,11
DA:95,9
DA:97,7
DA:98,1
DA:100,6
DA:101,1
DA:103,5
DA:104,5
DA:105,1
DA:107,5
DA:108,4
DA:109,3
DA:111,1
DA:114,5
DA:115,5
DA:117,4
DA:121,11
DA:122,9
DA:123,9
DA:124,9
DA:125,4
DA:126,4
DA:127,4
LF:67
LH:67
BRDA:41,0,0,2
BRDA:41,0,1,69
BRDA:59,1,0,2
BRDA:59,1,1,45
BRDA:60,2,0,2
BRDA:60,2,1,43
BRDA:62,3,0,1
BRDA:62,3,1,42
BRDA:65,4,0,1
BRDA:65,4,1,41
BRDA:83,5,0,1
BRDA:83,5,1,10
BRDA:83,6,0,11
BRDA:83,6,1,10
BRDA:94,7,0,2
BRDA:94,7,1,9
BRDA:95,8,0,2
BRDA:95,8,1,7
BRDA:97,9,0,1
BRDA:97,9,1,6
BRDA:100,10,0,1
BRDA:100,10,1,5
BRDA:108,11,0,3
BRDA:108,11,1,1
BRDA:121,12,0,9
BRDA:121,12,1,2
BRDA:124,13,0,4
BRDA:124,13,1,5
BRF:28
BRH:28
end_of_record
TN:
SF:E:\Ipc\clients\nodejs\projects\@uipath-ipc\src\foundation\pipes\physical-socket.ts
FN:6,(anonymous_0)
FNF:1
FNH:1
FNDA:1,(anonymous_0)
DA:6,1
LF:1
LH:1
BRF:0
BRH:0
end_of_record
TN:
SF:E:\Ipc\clients\nodejs\projects\@uipath-ipc\src\foundation\pipes\pipe-client-stream.ts
FN:54,(anonymous_6)
FN:23,(anonymous_7)
FN:35,(anonymous_9)
FN:52,(anonymous_11)
FN:61,(anonymous_12)
FN:73,(anonymous_14)
FN:81,(anonymous_16)
FN:97,(anonymous_18)
FN:100,(anonymous_19)
FNF:9
FNH:9
FNDA:30,(anonymous_6)
FNDA:34,(anonymous_7)
FNDA:31,(anonymous_9)
FNDA:88,(anonymous_11)
FNDA:24,(anonymous_12)
FNDA:61,(anonymous_14)
FNDA:67,(anonymous_16)
FNDA:7,(anonymous_18)
FNDA:6,(anonymous_19)
DA:1,1
DA:3,1
DA:4,1
DA:7,1
DA:8,1
DA:9,1
DA:19,1
DA:20,1
DA:21,1
DA:30,34
DA:31,33
DA:33,31
DA:42,31
DA:43,31
DA:45,31
DA:47,30
DA:51,30
DA:52,88
DA:55,30
DA:56,30
DA:58,30
DA:62,24
DA:63,22
DA:64,19
DA:66,18
DA:67,1
DA:70,18
DA:74,61
DA:76,60
DA:77,61
DA:78,48
DA:82,67
DA:83,66
DA:85,65
DA:87,52
DA:88,1
DA:91,52
DA:92,2
DA:94,50
DA:98,7
DA:101,6
DA:102,6
LF:42
LH:42
BRDA:28,0,0,20
BRDA:30,1,0,1
BRDA:30,1,1,33
BRDA:31,2,0,2
BRDA:31,2,1,31
BRDA:61,3,0,6
BRDA:62,4,0,2
BRDA:62,4,1,22
BRDA:63,5,0,3
BRDA:63,5,1,19
BRDA:64,6,0,1
BRDA:64,6,1,18
BRDA:66,7,0,1
BRDA:66,7,1,17
BRDA:73,8,0,4
BRDA:74,9,0,1
BRDA:74,9,1,60
BRDA:81,10,0,6
BRDA:82,11,0,1
BRDA:82,11,1,66
BRDA:83,12,0,1
BRDA:83,12,1,65
BRDA:87,13,0,1
BRDA:87,13,1,51
BRDA:91,14,0,2
BRDA:91,14,1,50
BRDA:98,15,0,7
BRDA:98,15,1,6
BRF:28
BRH:28
end_of_record
TN:
SF:E:\Ipc\clients\nodejs\projects\@uipath-ipc\src\foundation\pipes\pipe-reader.ts
FN:22,(anonymous_6)
FN:30,(anonymous_7)
FN:34,(anonymous_8)
FN:38,(anonymous_9)
FN:53,(anonymous_11)
FN:81,(anonymous_13)
FNF:6
FNH:6
FNDA:44,(anonymous_6)
FNDA:32,(anonymous_7)
FNDA:7,(anonymous_8)
FNDA:82,(anonymous_9)
FNDA:72,(anonymous_11)
FNDA:9,(anonymous_13)
DA:1,1
DA:2,1
DA:4,1
DA:5,1
DA:6,1
DA:9,1
DA:13,1
DA:14,44
DA:16,44
DA:17,44
DA:18,44
DA:19,44
DA:23,44
DA:24,42
DA:31,32
DA:32,32
DA:35,7
DA:36,7
DA:39,82
DA:40,78
DA:42,74
DA:43,73
DA:45,72
DA:46,72
DA:47,72
DA:48,72
DA:50,61
DA:54,72
DA:55,38
DA:56,38
DA:58,38
DA:59,38
DA:60,24
DA:63,58
DA:64,58
DA:65,58
DA:66,58
DA:67,54
DA:68,54
DA:69,54
DA:70,54
DA:71,54
DA:72,24
DA:73,24
DA:78,58
DA:82,9
DA:83,8
DA:84,8
DA:85,8
LF:49
LH:49
BRDA:23,0,0,2
BRDA:23,0,1,42
BRDA:32,1,0,25
BRDA:32,1,1,7
BRDA:36,2,0,2
BRDA:36,2,1,5
BRDA:39,3,0,4
BRDA:39,3,1,78
BRDA:40,4,0,4
BRDA:40,4,1,74
BRDA:42,5,0,1
BRDA:42,5,1,73
BRDA:43,6,0,1
BRDA:43,6,1,72
BRDA:54,7,0,38
BRDA:54,7,1,34
BRDA:54,8,0,72
BRDA:54,8,1,38
BRDA:64,9,0,116
BRDA:64,9,1,86
BRDA:66,10,0,54
BRDA:66,10,1,4
BRDA:71,11,0,24
BRDA:71,11,1,30
BRDA:82,12,0,8
BRDA:82,12,1,1
BRF:26
BRH:26
end_of_record
TN:
SF:E:\Ipc\clients\nodejs\projects\@uipath-ipc\src\foundation\pipes\socket-like.ts
FNF:0
FNH:0
LF:0
LH:0
BRF:0
BRH:0
end_of_record
TN:
SF:E:\Ipc\clients\nodejs\projects\@uipath-ipc\src\foundation\threading\cancellation-token-registration.ts
FN:7,(anonymous_0)
FN:10,(anonymous_1)
FN:14,(anonymous_2)
FN:20,(anonymous_3)
FN:28,(anonymous_4)
FN:34,(anonymous_5)
FN:35,(anonymous_6)
FNF:7
FNH:7
FNDA:100,(anonymous_0)
FNDA:156,(anonymous_1)
FNDA:168,(anonymous_2)
FNDA:167,(anonymous_3)
FNDA:70,(anonymous_4)
FNDA:1,(anonymous_5)
FNDA:50,(anonymous_6)
DA:3,1
DA:5,1
DA:7,100
DA:11,156
DA:19,1
DA:21,167
DA:22,167
DA:24,167
DA:25,167
DA:26,155
DA:28,70
DA:32,1
DA:33,1
DA:34,1
LF:14
LH:14
BRDA:25,0,0,12
BRDA:25,0,1,155
BRDA:26,1,0,4
BRDA:26,1,1,151
BRF:4
BRH:4
end_of_record
TN:
SF:E:\Ipc\clients\nodejs\projects\@uipath-ipc\src\foundation\threading\cancellation-token-source.ts
FN:16,(anonymous_0)
FN:9,(anonymous_1)
FN:22,(anonymous_2)
FN:29,(anonymous_3)
FN:39,(anonymous_4)
FNF:5
FNH:5
FNDA:240,(anonymous_0)
FNDA:169,(anonymous_1)
FNDA:160,(anonymous_2)
FNDA:88,(anonymous_3)
FNDA:32,(anonymous_4)
DA:1,1
DA:3,1
DA:4,1
DA:5,1
DA:7,1
DA:8,240
DA:9,169
DA:10,240
DA:11,240
DA:17,240
DA:18,50
DA:23,160
DA:24,145
DA:30,88
DA:31,88
DA:33,84
DA:34,79
DA:35,75
DA:40,32
DA:41,27
DA:42,27
DA:43,25
LF:22
LH:22
BRDA:17,0,0,50
BRDA:17,0,1,190
BRDA:22,1,0,104
BRDA:23,2,0,15
BRDA:23,2,1,145
BRDA:31,3,0,4
BRDA:31,3,1,84
BRDA:33,4,0,5
BRDA:33,4,1,79
BRDA:34,5,0,75
BRDA:34,5,1,4
BRDA:34,6,0,79
BRDA:34,6,1,79
BRDA:40,7,0,27
BRDA:40,7,1,5
BRDA:42,8,0,25
BRDA:42,8,1,2
BRF:17
BRH:17
end_of_record
TN:
SF:E:\Ipc\clients\nodejs\projects\@uipath-ipc\src\foundation\threading\cancellation-token.ts
FN:8,(anonymous_0)
FN:19,(anonymous_1)
FN:25,(anonymous_2)
FN:33,(anonymous_3)
FN:36,(anonymous_4)
FN:56,(anonymous_5)
FN:66,(anonymous_6)
FN:76,(anonymous_7)
FN:79,(anonymous_8)
FN:80,(anonymous_9)
FN:82,(anonymous_10)
FN:98,(anonymous_11)
FN:101,(anonymous_12)
FN:95,(anonymous_13)
FN:96,(anonymous_14)
FN:104,(anonymous_15)
FN:120,(anonymous_16)
FN:117,(anonymous_17)
FN:118,(anonymous_18)
FN:122,(anonymous_19)
FN:123,(anonymous_20)
FNF:21
FNH:21
FNDA:26,(anonymous_0)
FNDA:186,(anonymous_1)
FNDA:2,(anonymous_2)
FNDA:290,(anonymous_3)
FNDA:133,(anonymous_4)
FNDA:151,(anonymous_5)
FNDA:76,(anonymous_6)
FNDA:266,(anonymous_7)
FNDA:13,(anonymous_8)
FNDA:292,(anonymous_9)
FNDA:160,(anonymous_10)
FNDA:24,(anonymous_11)
FNDA:58,(anonymous_12)
FNDA:4,(anonymous_13)
FNDA:24,(anonymous_14)
FNDA:7,(anonymous_15)
FNDA:1,(anonymous_16)
FNDA:52,(anonymous_17)
FNDA:4,(anonymous_18)
FNDA:93,(anonymous_19)
FNDA:2,(anonymous_20)
DA:1,1
DA:2,1
DA:3,1
DA:4,1
DA:5,1
DA:7,1
DA:9,26
DA:11,1
DA:13,1
DA:15,24
DA:19,186
DA:26,2
DA:27,1
DA:33,1
DA:34,290
DA:37,133
DA:38,11
DA:39,10
DA:42,122
DA:43,122
DA:44,48
DA:45,48
DA:47,10
DA:50,122
DA:51,10
DA:57,151
DA:58,149
DA:59,2
DA:60,2
DA:62,147
DA:63,147
DA:67,76
DA:68,74
DA:69,74
DA:70,57
DA:76,1
DA:77,266
DA:79,13
DA:80,292
DA:83,160
DA:84,126
DA:85,126
DA:91,1
DA:93,24
DA:95,4
DA:96,24
DA:99,24
DA:100,24
DA:101,58
DA:105,7
DA:106,22
DA:109,7
DA:110,7
DA:115,1
DA:117,52
DA:118,4
DA:120,1
DA:122,93
LF:58
LH:58
BRDA:10,0,0,1
BRDA:10,0,1,1
BRDA:10,0,2,24
BRDA:26,1,0,1
BRDA:26,1,1,1
BRDA:37,2,0,11
BRDA:37,2,1,122
BRDA:50,3,0,10
BRDA:50,3,1,112
BRDA:57,4,0,2
BRDA:57,4,1,149
BRDA:58,5,0,2
BRDA:58,5,1,147
BRDA:67,6,0,2
BRDA:67,6,1,74
BRDA:69,7,0,57
BRDA:69,7,1,17
BRDA:83,8,0,126
BRDA:83,8,1,34
BRF:19
BRH:19
end_of_record
TN:
SF:E:\Ipc\clients\nodejs\projects\@uipath-ipc\src\foundation\threading\ecma-timeout.ts
FN:18,(anonymous_0)
FN:6,(anonymous_1)
FN:11,(anonymous_2)
FN:24,(anonymous_3)
FN:29,(anonymous_4)
FNF:5
FNH:5
FNDA:110,(anonymous_0)
FNDA:140,(anonymous_1)
FNDA:30,(anonymous_2)
FNDA:67,(anonymous_3)
FNDA:43,(anonymous_4)
DA:3,1
DA:5,1
DA:7,140
DA:8,138
DA:9,96
DA:11,42
DA:15,110
DA:18,110
DA:19,110
DA:20,104
DA:21,102
DA:22,101
DA:25,67
DA:26,67
DA:30,43
DA:31,34
DA:32,34
LF:17
LH:17
BRDA:19,0,0,6
BRDA:19,0,1,104
BRDA:20,1,0,2
BRDA:20,1,1,102
BRDA:21,2,0,1
BRDA:21,2,1,101
BRDA:7,3,0,2
BRDA:7,3,1,138
BRDA:8,4,0,96
BRDA:8,4,1,42
BRDA:8,5,0,138
BRDA:8,5,1,100
BRDA:30,6,0,34
BRDA:30,6,1,9
BRF:14
BRH:14
end_of_record
TN:
SF:E:\Ipc\clients\nodejs\projects\@uipath-ipc\src\foundation\threading\promise-completion-source.ts
FN:11,(anonymous_0)
FN:12,(anonymous_1)
FN:19,(anonymous_2)
FN:20,(anonymous_3)
FN:22,(anonymous_4)
FN:28,(anonymous_5)
FN:34,(anonymous_6)
FN:43,(anonymous_7)
FN:48,(anonymous_8)
FN:53,(anonymous_9)
FNF:10
FNH:10
FNDA:312,(anonymous_0)
FNDA:312,(anonymous_1)
FNDA:45,(anonymous_2)
FNDA:12,(anonymous_3)
FNDA:236,(anonymous_4)
FNDA:53,(anonymous_5)
FNDA:64,(anonymous_6)
FNDA:140,(anonymous_7)
FNDA:26,(anonymous_8)
FNDA:34,(anonymous_9)
DA:1,1
DA:4,1
DA:7,312
DA:8,312
DA:9,312
DA:12,312
DA:13,312
DA:14,312
DA:15,312
DA:19,45
DA:20,12
DA:23,236
DA:24,206
DA:25,206
DA:26,206
DA:29,53
DA:30,32
DA:31,32
DA:32,32
DA:35,64
DA:36,46
DA:37,46
DA:38,46
DA:42,1
DA:44,140
DA:45,6
DA:49,26
DA:50,6
DA:54,34
DA:55,6
LF:30
LH:30
BRDA:23,0,0,30
BRDA:23,0,1,206
BRDA:29,1,0,21
BRDA:29,1,1,32
BRDA:35,2,0,18
BRDA:35,2,1,46
BRDA:44,3,0,6
BRDA:44,3,1,134
BRDA:49,4,0,6
BRDA:49,4,1,20
BRDA:54,5,0,6
BRDA:54,5,1,28
BRF:12
BRH:12
end_of_record
TN:
SF:E:\Ipc\clients\nodejs\projects\@uipath-ipc\src\foundation\threading\promise-pal.ts
FN:14,(anonymous_0)
FN:15,(anonymous_1)
FN:17,(anonymous_2)
FN:18,(anonymous_3)
FN:20,(anonymous_4)
FN:21,(anonymous_5)
FN:24,(anonymous_6)
FN:27,(anonymous_7)
FN:34,(anonymous_8)
FN:42,(anonymous_9)
FN:48,(anonymous_10)
FN:49,(anonymous_11)
FN:49,(anonymous_12)
FN:12,(anonymous_13)
FN:75,(anonymous_14)
FN:102,(anonymous_15)
FNF:16
FNH:16
FNDA:24,(anonymous_0)
FNDA:24,(anonymous_1)
FNDA:9,(anonymous_2)
FNDA:9,(anonymous_3)
FNDA:3,(anonymous_4)
FNDA:3,(anonymous_5)
FNDA:57,(anonymous_6)
FNDA:52,(anonymous_7)
FNDA:5,(anonymous_8)
FNDA:57,(anonymous_9)
FNDA:366,(anonymous_10)
FNDA:241,(anonymous_11)
FNDA:97,(anonymous_12)
FNDA:1,(anonymous_13)
FNDA:62,(anonymous_14)
FNDA:329,(anonymous_15)
DA:3,1
DA:5,1
DA:6,1
DA:7,1
DA:8,1
DA:9,1
DA:12,1
DA:15,24
DA:18,9
DA:21,3
DA:25,57
DA:27,57
DA:28,52
DA:29,52
DA:30,4
DA:33,57
DA:35,5
DA:36,5
DA:40,57
DA:43,57
DA:44,57
DA:45,57
DA:49,366
DA:50,366
DA:75,1
DA:76,62
DA:79,61
DA:81,34
DA:82,1
DA:84,33
DA:85,33
DA:87,26
DA:88,1
DA:90,25
DA:91,1
DA:93,24
DA:94,24
DA:96,1
DA:99,57
DA:102,1
DA:103,329
DA:106,1
DA:107,1
DA:108,1
DA:109,1
DA:110,1
LF:46
LH:46
BRDA:29,0,0,4
BRDA:29,0,1,48
BRDA:34,1,0,9
BRDA:34,1,1,48
BRDA:75,2,0,49
BRDA:76,3,0,1
BRDA:76,3,1,61
BRDA:80,4,0,34
BRDA:80,4,1,26
BRDA:80,4,2,1
BRDA:81,5,0,1
BRDA:81,5,1,33
BRDA:87,6,0,1
BRDA:87,6,1,25
BRDA:90,7,0,1
BRDA:90,7,1,24
BRF:16
BRH:16
end_of_record
TN:
SF:E:\Ipc\clients\nodejs\projects\@uipath-ipc\src\foundation\threading\timeout.ts
FNF:0
FNH:0
DA:1,1
DA:3,1
DA:5,1
LF:3
LH:3
BRF:0
BRH:0
end_of_record
TN:
SF:E:\Ipc\clients\nodejs\projects\@uipath-ipc\src\foundation\threading\timespan.ts
FN:4,(anonymous_0)
FN:75,(anonymous_1)
FN:13,(anonymous_2)
FN:33,(anonymous_3)
FN:34,(anonymous_4)
FN:36,(anonymous_5)
FN:37,(anonymous_6)
FN:38,(anonymous_7)
FN:40,(anonymous_8)
FN:44,(anonymous_9)
FN:48,(anonymous_10)
FN:52,(anonymous_11)
FN:56,(anonymous_12)
FN:61,(anonymous_13)
FN:63,(anonymous_14)
FN:64,(anonymous_15)
FN:65,(anonymous_16)
FN:66,(anonymous_17)
FN:67,(anonymous_18)
FN:69,(anonymous_19)
FN:70,(anonymous_20)
FN:71,(anonymous_21)
FN:72,(anonymous_22)
FN:73,(anonymous_23)
FN:78,(anonymous_24)
FN:79,enumerateComponents
FN:99,(anonymous_26)
FN:100,(anonymous_27)
FNF:28
FNH:28
FNDA:1,(anonymous_0)
FNDA:534,(anonymous_1)
FNDA:178,(anonymous_2)
FNDA:15,(anonymous_3)
FNDA:3,(anonymous_4)
FNDA:18,(anonymous_5)
FNDA:18,(anonymous_6)
FNDA:372,(anonymous_7)
FNDA:354,(anonymous_8)
FNDA:100,(anonymous_9)
FNDA:29,(anonymous_10)
FNDA:27,(anonymous_11)
FNDA:34,(anonymous_12)
FNDA:186,(anonymous_13)
FNDA:184,(anonymous_14)
FNDA:29,(anonymous_15)
FNDA:9,(anonymous_16)
FNDA:9,(anonymous_17)
FNDA:9,(anonymous_18)
FNDA:38,(anonymous_19)
FNDA:33,(anonymous_20)
FNDA:34,(anonymous_21)
FNDA:35,(anonymous_22)
FNDA:46,(anonymous_23)
FNDA:16,(anonymous_24)
FNDA:16,enumerateComponents
FNDA:25,(anonymous_26)
FNDA:13,(anonymous_27)
DA:1,1
DA:4,1
DA:5,1
DA:6,1
DA:7,1
DA:8,1
DA:11,1
DA:14,178
DA:17,176
DA:19,1
DA:21,55
DA:22,55
DA:24,120
DA:25,1
DA:27,119
DA:28,119
DA:30,174
DA:33,15
DA:34,3
DA:35,1
DA:36,18
DA:37,18
DA:38,372
DA:41,354
DA:42,352
DA:45,100
DA:46,98
DA:49,29
DA:50,27
DA:53,27
DA:54,25
DA:57,34
DA:58,32
DA:61,186
DA:63,184
DA:64,29
DA:65,9
DA:66,9
DA:67,9
DA:69,38
DA:70,33
DA:71,34
DA:72,35
DA:73,46
DA:75,534
DA:77,534
DA:80,16
DA:81,16
DA:82,16
DA:83,16
DA:84,16
DA:85,16
DA:86,16
DA:87,16
DA:88,14
DA:89,14
DA:93,16
DA:94,16
DA:95,119
DA:97,16
DA:99,25
DA:100,13
LF:62
LH:62
BRDA:4,0,0,1
BRDA:4,0,1,1
BRDA:14,1,0,2
BRDA:14,1,1,176
BRDA:18,2,0,1
BRDA:18,2,1,55
BRDA:18,2,2,120
BRDA:24,3,0,1
BRDA:24,3,1,119
BRDA:41,4,0,2
BRDA:41,4,1,352
BRDA:45,5,0,2
BRDA:45,5,1,98
BRDA:49,6,0,2
BRDA:49,6,1,27
BRDA:53,7,0,2
BRDA:53,7,1,25
BRDA:57,8,0,2
BRDA:57,8,1,32
BRDA:80,9,0,4
BRDA:80,9,1,12
BRDA:81,10,0,7
BRDA:81,10,1,9
BRDA:87,11,0,14
BRDA:87,11,1,2
BRDA:99,12,0,25
BRDA:99,12,1,16
BRF:27
BRH:27
end_of_record
TN:
SF:E:\Ipc\clients\nodejs\projects\@uipath-ipc\src\foundation\utils\maybe.ts
FNF:0
FNH:0
LF:0
LH:0
BRF:0
BRH:0
end_of_record
TN:
SF:E:\Ipc\clients\nodejs\projects\@uipath-ipc\src\foundation\utils\outcome.ts
FN:5,(anonymous_0)
FN:12,(anonymous_1)
FN:13,(anonymous_2)
FN:14,(anonymous_3)
FN:27,(anonymous_4)
FN:24,(anonymous_5)
FN:29,(anonymous_6)
FN:33,(anonymous_7)
FN:43,(anonymous_8)
FN:39,(anonymous_9)
FN:41,(anonymous_10)
FN:45,(anonymous_11)
FN:49,(anonymous_12)
FN:59,(anonymous_13)
FN:55,(anonymous_14)
FN:57,(anonymous_15)
FN:61,(anonymous_16)
FN:65,(anonymous_17)
FNF:18
FNH:18
FNDA:1,(anonymous_0)
FNDA:4,(anonymous_1)
FNDA:4,(anonymous_2)
FNDA:3,(anonymous_3)
FNDA:48,(anonymous_4)
FNDA:3,(anonymous_5)
FNDA:6,(anonymous_6)
FNDA:22,(anonymous_7)
FNDA:27,(anonymous_8)
FNDA:2,(anonymous_9)
FNDA:1,(anonymous_10)
FNDA:6,(anonymous_11)
FNDA:11,(anonymous_12)
FNDA:34,(anonymous_13)
FNDA:2,(anonymous_14)
FNDA:1,(anonymous_15)
FNDA:6,(anonymous_16)
FNDA:18,(anonymous_17)
DA:1,1
DA:5,1
DA:6,1
DA:7,1
DA:8,1
DA:11,1
DA:12,4
DA:13,4
DA:14,3
DA:23,1
DA:24,3
DA:25,48
DA:27,48
DA:30,6
DA:31,5
DA:34,22
DA:35,21
DA:38,1
DA:39,2
DA:40,27
DA:41,1
DA:43,27
DA:46,6
DA:47,5
DA:50,11
DA:51,10
DA:54,1
DA:55,2
DA:56,34
DA:57,1
DA:59,34
DA:62,6
DA:63,5
DA:66,18
DA:67,17
LF:35
LH:35
BRDA:5,0,0,1
BRDA:5,0,1,1
BRDA:30,1,0,1
BRDA:30,1,1,5
BRDA:34,2,0,1
BRDA:34,2,1,21
BRDA:46,3,0,1
BRDA:46,3,1,5
BRDA:50,4,0,1
BRDA:50,4,1,10
BRDA:62,5,0,1
BRDA:62,5,1,5
BRDA:66,6,0,1
BRDA:66,6,1,17
BRF:14
BRH:14
end_of_record
TN:
SF:E:\Ipc\clients\nodejs\projects\@uipath-ipc\src\foundation\utils\quack.ts
FN:3,(anonymous_0)
FN:6,(anonymous_1)
FN:7,(anonymous_2)
FN:8,(anonymous_3)
FN:10,(anonymous_4)
FN:13,(anonymous_5)
FN:16,(anonymous_6)
FNF:7
FNH:7
FNDA:50,(anonymous_0)
FNDA:7,(anonymous_1)
FNDA:225,(anonymous_2)
FNDA:244,(anonymous_3)
FNDA:40,(anonymous_4)
FNDA:129,(anonymous_5)
FNDA:165,(anonymous_6)
DA:1,1
DA:3,1
DA:4,50
DA:6,7
DA:7,225
DA:8,244
DA:11,40
DA:14,129
DA:17,165
DA:18,162
LF:10
LH:10
BRDA:17,0,0,3
BRDA:17,0,1,162
BRF:2
BRH:2
end_of_record
TN:
SF:E:\Ipc\clients\nodejs\projects\@uipath-ipc\src\foundation\utils\trace.ts
FN:6,(anonymous_0)
FN:11,(anonymous_1)
FN:22,(anonymous_2)
FN:46,(anonymous_3)
FN:32,(anonymous_4)
FN:36,(anonymous_5)
FNF:6
FNH:6
FNDA:10,(anonymous_0)
FNDA:4,(anonymous_1)
FNDA:26,(anonymous_2)
FNDA:24,(anonymous_3)
FNDA:24,(anonymous_4)
FNDA:22,(anonymous_5)
DA:2,1
DA:4,1
DA:5,1
DA:7,10
DA:9,8
DA:10,8
DA:12,4
DA:13,4
DA:14,3
DA:23,26
DA:24,20
DA:25,20
DA:31,1
DA:32,24
DA:37,22
DA:38,3
DA:39,3
DA:47,24
LF:18
LH:18
BRDA:7,0,0,2
BRDA:7,0,1,8
BRDA:13,1,0,3
BRDA:13,1,1,1
BRF:4
BRH:4
end_of_record
